#! /usr/local/bin/vvp
:ivl_version "0.9.7 " "(v0_9_7)";
:vpi_time_precision + 0;
:vpi_module "system";
:vpi_module "v2005_math";
:vpi_module "va_math";
S_0x1484860 .scope module, "test_bench_reset" "test_bench_reset" 2 4;
 .timescale 0 0;
v0x14d2cb0_0 .net "Alert", 15 0, v0x14d1490_0; 1 drivers
v0x14d2d80_0 .net "REC_B_COUNT", 7 0, v0x14d1f80_0; 1 drivers
v0x14d2e50_0 .net "REC_DET", 7 0, v0x14d1e40_0; 1 drivers
v0x14d2f20_0 .net "TRANS", 7 0, v0x14d20d0_0; 1 drivers
v0x14d2ff0_0 .net "clock", 0 0, v0x14d22f0_0; 1 drivers
v0x14d3100_0 .net "iTrans", 7 0, v0x14d2920_0; 1 drivers
v0x14d3180_0 .net "phy_ack", 0 0, v0x14d27c0_0; 1 drivers
v0x14d3250_0 .net "reset", 0 0, v0x14d2c00_0; 1 drivers
v0x14d3370_0 .net "stop", 0 0, v0x14d1650_0; 1 drivers
S_0x14d24e0 .scope module, "p_reset" "probador_reset" 2 19, 3 3, S_0x1484860;
 .timescale 0 0;
v0x14d26c0_0 .alias "ALERT", 15 0, v0x14d2cb0_0;
v0x14d2740_0 .alias "CLK", 0 0, v0x14d2ff0_0;
v0x14d27c0_0 .var "PHY_ACK", 0 0;
v0x14d2870_0 .alias "PHY_Stop_Attempting_Reset", 0 0, v0x14d3370_0;
v0x14d2920_0 .var "ioTRANSMIT", 7 0;
v0x14d29d0_0 .alias "oRECEIVE_BYTE_COUNT", 7 0, v0x14d2d80_0;
v0x14d2a50_0 .alias "oRECEIVE_DETECT", 7 0, v0x14d2e50_0;
v0x14d2b00_0 .alias "oTRANSMIT", 7 0, v0x14d2f20_0;
v0x14d2c00_0 .var "reset", 0 0;
S_0x14d25d0 .scope module, "c1" "relojito" 3 22, 4 1, S_0x14d24e0;
 .timescale 0 0;
v0x14d22f0_0 .var "reloj", 0 0;
S_0x1498d50 .scope module, "maquinita_reset" "Reset_Module" 2 31, 5 3, S_0x1484860;
 .timescale 0 0;
P_0x14ad868 .param/l "IDLE" 5 47, C4<0000001>;
P_0x14ad890 .param/l "PRL_HR_Construct_Message" 5 49, C4<0000100>;
P_0x14ad8b8 .param/l "PRL_HR_Failure" 5 51, C4<0010000>;
P_0x14ad8e0 .param/l "PRL_HR_Report" 5 52, C4<0100000>;
P_0x14ad908 .param/l "PRL_HR_Success" 5 50, C4<0001000>;
P_0x14ad930 .param/l "PRL_HR_Wait_for_Hard_Reset_Request" 5 48, C4<0000010>;
v0x14d1490_0 .var "ALERT", 15 0;
v0x14d1550_0 .alias "CLK", 0 0, v0x14d2ff0_0;
v0x14d15d0_0 .alias "PHY_ACK", 0 0, v0x14d3180_0;
v0x14d1650_0 .var "PHY_Stop_Attempting_Reset", 0 0;
v0x14d1700_0 .net "PHY_reset", 0 0, L_0x14d3440; 1 drivers
v0x14d17a0_0 .net "iAlert", 15 0, C4<zzzzzzzzzzzzzzzz>; 0 drivers
v0x14d1880_0 .alias "ioTRANSMIT", 7 0, v0x14d3100_0;
v0x14d1920_0 .net "nanos", 9 0, v0x14d1260_0; 1 drivers
v0x14d19f0_0 .var "nxt_ALERT", 15 0;
v0x14d1a70_0 .var "nxt_PHY_Stop_Attempting_Reset", 0 0;
v0x14d1b70_0 .var "nxt_State", 6 0;
v0x14d1c10_0 .var "nxt_oRECEIVE_BYTE_COUNT", 7 0;
v0x14d1d20_0 .var "nxt_oRECEIVE_DETECT", 7 0;
v0x14d1dc0_0 .var "nxt_oTRANSMIT", 7 0;
v0x14d1ee0_0 .var "nxt_timer_Reset", 0 0;
v0x14d1f80_0 .var "oRECEIVE_BYTE_COUNT", 7 0;
v0x14d1e40_0 .var "oRECEIVE_DETECT", 7 0;
v0x14d20d0_0 .var "oTRANSMIT", 7 0;
v0x14d21f0_0 .alias "reset", 0 0, v0x14d3250_0;
v0x14d2270_0 .var "state", 6 0;
v0x14d2150_0 .var/i "timeLapse", 31 0;
v0x14d23a0_0 .var "timer_Reset", 0 0;
E_0x1498ba0/0 .event edge, v0x14d2270_0, v0x14d1650_0, v0x14d20d0_0, v0x14d1490_0;
E_0x1498ba0/1 .event edge, v0x14d1e40_0, v0x14d1f80_0, v0x14d1310_0, v0x14d1700_0;
E_0x1498ba0/2 .event edge, v0x14d1260_0, v0x14d2150_0, v0x14d15d0_0, v0x14d1880_0;
E_0x1498ba0 .event/or E_0x1498ba0/0, E_0x1498ba0/1, E_0x1498ba0/2;
E_0x14985f0 .event posedge, v0x1498a80_0;
L_0x14d3440 .part C4<zzzzzzzzzzzzzzzz>, 3, 1;
S_0x14ad960 .scope module, "t1" "timer" 5 38, 6 1, S_0x1498d50;
 .timescale 0 0;
v0x1498a80_0 .alias "CLK", 0 0, v0x14d2ff0_0;
v0x14d1120_0 .var "micros", 9 0;
v0x14d11c0_0 .var "milis", 9 0;
v0x14d1260_0 .var "nanos", 9 0;
v0x14d1310_0 .net "reset", 0 0, v0x14d23a0_0; 1 drivers
v0x14d13b0_0 .var "segs", 9 0;
E_0x149f720/0 .event negedge, v0x1498a80_0;
E_0x149f720/1 .event posedge, v0x1498a80_0;
E_0x149f720 .event/or E_0x149f720/0, E_0x149f720/1;
    .scope S_0x14d25d0;
T_0 ;
    %set/v v0x14d22f0_0, 0, 1;
    %end;
    .thread T_0;
    .scope S_0x14d25d0;
T_1 ;
    %delay 1, 0;
    %load/v 8, v0x14d22f0_0, 1;
    %inv 8, 1;
    %set/v v0x14d22f0_0, 8, 1;
    %jmp T_1;
    .thread T_1;
    .scope S_0x14d24e0;
T_2 ;
    %vpi_call 3 25 "$dumpfile", "reset_output.vcd";
    %vpi_call 3 26 "$dumpvars";
    %set/v v0x14d2c00_0, 0, 1;
    %set/v v0x14d2920_0, 0, 8;
    %delay 2, 0;
    %set/v v0x14d2c00_0, 1, 1;
    %delay 20, 0;
    %movi 8, 6, 3;
    %ix/load 0, 0, 0;
    %set/x0 v0x14d2920_0, 8, 3;
    %delay 10, 0;
    %vpi_call 3 35 "$finish";
    %end;
    .thread T_2;
    .scope S_0x14ad960;
T_3 ;
    %wait E_0x149f720;
    %load/v 8, v0x14d1310_0, 1;
    %jmp/0xz  T_3.0, 8;
    %ix/load 0, 10, 0;
    %assign/v0 v0x14d1260_0, 0, 0;
    %ix/load 0, 10, 0;
    %assign/v0 v0x14d1120_0, 0, 0;
    %ix/load 0, 10, 0;
    %assign/v0 v0x14d11c0_0, 0, 0;
    %ix/load 0, 10, 0;
    %assign/v0 v0x14d13b0_0, 0, 0;
    %jmp T_3.1;
T_3.0 ;
    %load/v 8, v0x14d1260_0, 10;
    %mov 18, 0, 2;
   %cmpi/u 8, 999, 12;
    %jmp/0xz  T_3.2, 5;
    %load/v 8, v0x14d1260_0, 10;
    %mov 18, 0, 22;
    %addi 8, 1, 32;
    %ix/load 0, 10, 0;
    %assign/v0 v0x14d1260_0, 0, 8;
    %jmp T_3.3;
T_3.2 ;
    %load/v 8, v0x14d1120_0, 10;
    %mov 18, 0, 2;
   %cmpi/u 8, 999, 12;
    %jmp/0xz  T_3.4, 5;
    %ix/load 0, 10, 0;
    %assign/v0 v0x14d1260_0, 0, 0;
    %load/v 8, v0x14d1120_0, 10;
    %mov 18, 0, 22;
    %addi 8, 1, 32;
    %ix/load 0, 10, 0;
    %assign/v0 v0x14d1120_0, 0, 8;
    %jmp T_3.5;
T_3.4 ;
    %load/v 8, v0x14d11c0_0, 10;
    %mov 18, 0, 2;
   %cmpi/u 8, 999, 12;
    %jmp/0xz  T_3.6, 5;
    %ix/load 0, 10, 0;
    %assign/v0 v0x14d1120_0, 0, 0;
    %movi 8, 1, 10;
    %ix/load 0, 10, 0;
    %assign/v0 v0x14d11c0_0, 0, 8;
    %jmp T_3.7;
T_3.6 ;
    %ix/load 0, 10, 0;
    %assign/v0 v0x14d11c0_0, 0, 0;
    %load/v 8, v0x14d13b0_0, 10;
    %mov 18, 0, 22;
    %addi 8, 1, 32;
    %ix/load 0, 10, 0;
    %assign/v0 v0x14d13b0_0, 0, 8;
T_3.7 ;
T_3.5 ;
T_3.3 ;
T_3.1 ;
    %jmp T_3;
    .thread T_3;
    .scope S_0x1498d50;
T_4 ;
    %movi 8, 10, 32;
    %set/v v0x14d2150_0, 8, 32;
    %end;
    .thread T_4;
    .scope S_0x1498d50;
T_5 ;
    %wait E_0x14985f0;
    %load/v 8, v0x14d21f0_0, 1;
    %inv 8, 1;
    %jmp/0xz  T_5.0, 8;
    %movi 8, 1, 7;
    %ix/load 0, 7, 0;
    %assign/v0 v0x14d2270_0, 0, 8;
    %ix/load 0, 1, 0;
    %assign/v0 v0x14d1650_0, 0, 0;
    %ix/load 0, 8, 0;
    %assign/v0 v0x14d20d0_0, 0, 0;
    %ix/load 0, 16, 0;
    %assign/v0 v0x14d1490_0, 0, 0;
    %ix/load 0, 8, 0;
    %assign/v0 v0x14d1e40_0, 0, 0;
    %ix/load 0, 8, 0;
    %assign/v0 v0x14d1f80_0, 0, 0;
    %ix/load 0, 1, 0;
    %assign/v0 v0x14d23a0_0, 0, 1;
    %jmp T_5.1;
T_5.0 ;
    %load/v 8, v0x14d1b70_0, 7;
    %ix/load 0, 7, 0;
    %assign/v0 v0x14d2270_0, 0, 8;
    %load/v 8, v0x14d1a70_0, 1;
    %ix/load 0, 1, 0;
    %assign/v0 v0x14d1650_0, 0, 8;
    %load/v 8, v0x14d1dc0_0, 8;
    %ix/load 0, 8, 0;
    %assign/v0 v0x14d20d0_0, 0, 8;
    %load/v 8, v0x14d19f0_0, 16;
    %ix/load 0, 16, 0;
    %assign/v0 v0x14d1490_0, 0, 8;
    %load/v 8, v0x14d1d20_0, 8;
    %ix/load 0, 8, 0;
    %assign/v0 v0x14d1e40_0, 0, 8;
    %load/v 8, v0x14d1c10_0, 8;
    %ix/load 0, 8, 0;
    %assign/v0 v0x14d1f80_0, 0, 8;
    %load/v 8, v0x14d1ee0_0, 1;
    %ix/load 0, 1, 0;
    %assign/v0 v0x14d23a0_0, 0, 8;
T_5.1 ;
    %jmp T_5;
    .thread T_5;
    .scope S_0x1498d50;
T_6 ;
    %wait E_0x1498ba0;
    %load/v 8, v0x14d2270_0, 7;
    %ix/load 0, 7, 0;
    %assign/v0 v0x14d1b70_0, 0, 8;
    %load/v 8, v0x14d1650_0, 1;
    %ix/load 0, 1, 0;
    %assign/v0 v0x14d1a70_0, 0, 8;
    %load/v 8, v0x14d20d0_0, 8;
    %ix/load 0, 8, 0;
    %assign/v0 v0x14d1dc0_0, 0, 8;
    %load/v 8, v0x14d1490_0, 16;
    %ix/load 0, 16, 0;
    %assign/v0 v0x14d19f0_0, 0, 8;
    %load/v 8, v0x14d1e40_0, 8;
    %ix/load 0, 8, 0;
    %assign/v0 v0x14d1d20_0, 0, 8;
    %load/v 8, v0x14d1f80_0, 8;
    %ix/load 0, 8, 0;
    %assign/v0 v0x14d1c10_0, 0, 8;
    %load/v 8, v0x14d23a0_0, 1;
    %ix/load 0, 1, 0;
    %assign/v0 v0x14d1ee0_0, 0, 8;
    %load/v 8, v0x14d2270_0, 7;
    %cmpi/u 8, 1, 7;
    %jmp/1 T_6.0, 6;
    %cmpi/u 8, 2, 7;
    %jmp/1 T_6.1, 6;
    %cmpi/u 8, 4, 7;
    %jmp/1 T_6.2, 6;
    %cmpi/u 8, 8, 7;
    %jmp/1 T_6.3, 6;
    %cmpi/u 8, 16, 7;
    %jmp/1 T_6.4, 6;
    %cmpi/u 8, 32, 7;
    %jmp/1 T_6.5, 6;
    %jmp T_6.6;
T_6.0 ;
    %movi 8, 2, 7;
    %ix/load 0, 7, 0;
    %assign/v0 v0x14d1b70_0, 0, 8;
    %jmp T_6.6;
T_6.1 ;
    %load/v 8, v0x14d1700_0, 1;
    %jmp/0xz  T_6.7, 8;
    %movi 8, 4, 7;
    %ix/load 0, 7, 0;
    %assign/v0 v0x14d1b70_0, 0, 8;
    %jmp T_6.8;
T_6.7 ;
    %movi 8, 2, 7;
    %ix/load 0, 7, 0;
    %assign/v0 v0x14d1b70_0, 0, 8;
T_6.8 ;
    %jmp T_6.6;
T_6.2 ;
    %set/v v0x14d23a0_0, 0, 1;
    %load/v 8, v0x14d1920_0, 10;
    %mov 18, 0, 22;
    %load/v 40, v0x14d2150_0, 32;
    %cmp/u 8, 40, 32;
    %jmp/0xz  T_6.9, 5;
    %load/v 8, v0x14d15d0_0, 1;
    %jmp/0xz  T_6.11, 8;
    %load/v 8, v0x14d1880_0, 3; Only need 3 of 8 bits
; Save base=8 wid=3 in lookaside.
    %cmpi/u 8, 6, 3;
    %jmp/0xz  T_6.13, 4;
    %load/v 8, v0x14d20d0_0, 8;
    %movi 16, 6, 8;
    %or 8, 16, 8;
    %set/v v0x14d1dc0_0, 8, 8;
    %movi 8, 1, 8;
    %ix/load 0, 8, 0;
    %assign/v0 v0x14d1c10_0, 0, 8;
    %jmp T_6.14;
T_6.13 ;
    %load/v 8, v0x14d20d0_0, 8;
    %movi 16, 5, 8;
    %or 8, 16, 8;
    %set/v v0x14d1dc0_0, 8, 8;
    %ix/load 0, 8, 0;
    %assign/v0 v0x14d1c10_0, 0, 0;
T_6.14 ;
    %ix/load 0, 8, 0;
    %assign/v0 v0x14d1d20_0, 0, 0;
    %movi 8, 8, 7;
    %ix/load 0, 7, 0;
    %assign/v0 v0x14d1b70_0, 0, 8;
    %jmp T_6.12;
T_6.11 ;
    %movi 8, 4, 7;
    %ix/load 0, 7, 0;
    %assign/v0 v0x14d1b70_0, 0, 8;
T_6.12 ;
    %jmp T_6.10;
T_6.9 ;
    %movi 8, 16, 7;
    %ix/load 0, 7, 0;
    %assign/v0 v0x14d1b70_0, 0, 8;
T_6.10 ;
    %jmp T_6.6;
T_6.3 ;
    %set/v v0x14d23a0_0, 1, 1;
    %movi 8, 32, 7;
    %ix/load 0, 7, 0;
    %assign/v0 v0x14d1b70_0, 0, 8;
    %jmp T_6.6;
T_6.4 ;
    %set/v v0x14d23a0_0, 1, 1;
    %movi 8, 32, 7;
    %ix/load 0, 7, 0;
    %assign/v0 v0x14d1b70_0, 0, 8;
    %ix/load 0, 1, 0;
    %assign/v0 v0x14d1650_0, 0, 1;
    %jmp T_6.6;
T_6.5 ;
    %load/v 8, v0x14d1920_0, 10;
    %inv 8, 10;
    %cmpi/u 8, 0, 10;
    %inv 4, 1;
    %jmp/0xz  T_6.15, 4;
    %load/v 8, v0x14d1490_0, 16;
    %movi 24, 64, 16;
    %or 8, 24, 16;
    %ix/load 0, 16, 0;
    %assign/v0 v0x14d19f0_0, 0, 8;
    %jmp T_6.16;
T_6.15 ;
    %load/v 8, v0x14d1490_0, 16;
    %movi 24, 16, 16;
    %or 8, 24, 16;
    %ix/load 0, 16, 0;
    %assign/v0 v0x14d19f0_0, 0, 8;
T_6.16 ;
    %movi 8, 2, 7;
    %ix/load 0, 7, 0;
    %assign/v0 v0x14d1b70_0, 0, 8;
    %jmp T_6.6;
T_6.6 ;
    %jmp T_6;
    .thread T_6, $push;
# The file index is used to find the file name in the following table.
:file_names 7;
    "N/A";
    "<interactive>";
    "test_bench_reset.v";
    "./probador_reset.v";
    "./reloj.v";
    "./Reset_Module.v";
    "./timer.v";
