#! /usr/local/bin/vvp
:ivl_version "0.9.7 " "(v0_9_7)";
:vpi_time_precision - 12;
:vpi_module "system";
:vpi_module "v2005_math";
:vpi_module "va_math";
S_0x9414e0 .scope module, "Rx_Module" "Rx_Module" 2 23;
 .timescale -8 -12;
P_0x9415d8 .param/l "IDLE" 2 74, C4<000001>;
P_0x941600 .param/l "PRL_RX_Report_SOP" 2 78, C4<010000>;
P_0x941628 .param/l "PRL_RX_Send_GoodCRC" 2 77, C4<001000>;
P_0x941650 .param/l "PRL_Rx_Message_Discard" 2 76, C4<000100>;
P_0x941678 .param/l "PRL_Rx_Wait_for_PHY_message" 2 75, C4<000010>;
P_0x9416a0 .param/l "max_iRECEIVE_BYTE_COUNT" 2 80, +C4<011111>;
L_0x96c510 .functor OR 1, L_0x96d6d0, L_0x96da80, C4<0>, C4<0>;
v0x940a80_0 .net "CC_Busy", 0 0, C4<z>; 0 drivers
v0x96bef0_0 .net "CC_IDLE", 0 0, C4<z>; 0 drivers
v0x96bf90_0 .net "CLK", 0 0, C4<z>; 0 drivers
v0x96c030_0 .net "Data_In", 7 0, C4<zzzzzzzz>; 0 drivers
v0x96c0e0_0 .net "PHY_Reset", 0 0, L_0x96c510; 1 drivers
v0x96c180_0 .net "Start", 0 0, C4<z>; 0 drivers
v0x96c260_0 .net "Tx_State_Machine_ACTIVE", 0 0, C4<z>; 0 drivers
v0x96c300_0 .net "Unexpected_GoodCRC", 0 0, C4<z>; 0 drivers
v0x96c3f0_0 .net *"_s1", 2 0, L_0x96d630; 1 drivers
v0x96c490_0 .net *"_s11", 1 0, C4<00>; 1 drivers
v0x96c590_0 .net *"_s12", 2 0, C4<001>; 1 drivers
v0x96c630_0 .net *"_s14", 0 0, L_0x96da80; 1 drivers
v0x96c740_0 .net *"_s2", 2 0, C4<110>; 1 drivers
v0x96c7e0_0 .net *"_s4", 0 0, L_0x96d6d0; 1 drivers
v0x96c900_0 .net *"_s7", 0 0, L_0x96d7c0; 1 drivers
v0x96c9a0_0 .net *"_s8", 2 0, L_0x96d860; 1 drivers
v0x96c860_0 .net "iALERT", 15 0, C4<zzzzzzzzzzzzzzzz>; 0 drivers
v0x96caf0_0 .net "iRECEIVE_BYTE_COUNT", 7 0, C4<zzzzzzzz>; 0 drivers
v0x96cc10_0 .net "iRECEIVE_DETECT", 7 0, C4<zzzzzzzz>; 0 drivers
v0x96cc90_0 .net "iRX_BUF_FRAME_TYPE", 7 0, C4<zzzzzzzz>; 0 drivers
v0x96cb70_0 .var "nxt_State", 5 0;
v0x96cdc0_0 .var "nxt_oALERT", 15 0;
v0x96cd10_0 .var "nxt_oDATA_to_Buffer", 7 0;
v0x96cf00_0 .var "nxt_oDIR_WRITE", 7 0;
v0x96ce60_0 .var "nxt_oGoodCRC_to_PHY", 0 0;
v0x96d050_0 .var "nxt_oRECEIVE_BYTE_COUNT", 7 0;
v0x96cfa0_0 .var "oALERT", 15 0;
v0x96d1b0_0 .var "oDATA_to_Buffer", 7 0;
v0x96d0f0_0 .var "oDIR_WRITE", 7 0;
v0x96d320_0 .var "oGoodCRC_to_PHY", 0 0;
v0x96d230_0 .var "oRECEIVE_BYTE_COUNT", 7 0;
v0x96d4a0_0 .net "reset", 0 0, C4<z>; 0 drivers
v0x96d3a0_0 .var "state", 5 0;
E_0x94c8d0/0 .event edge, v0x96d3a0_0, v0x96d320_0, v0x96d0f0_0, v0x96cfa0_0;
E_0x94c8d0/1 .event edge, v0x96d230_0, v0x96d1b0_0, v0x96c0e0_0, v0x96c180_0;
E_0x94c8d0/2 .event edge, v0x96c860_0, v0x96cc10_0, v0x96c260_0, v0x96c300_0;
E_0x94c8d0/3 .event edge, v0x940a80_0, v0x96bef0_0, v0x96c030_0, v0x96caf0_0;
E_0x94c8d0 .event/or E_0x94c8d0/0, E_0x94c8d0/1, E_0x94c8d0/2, E_0x94c8d0/3;
E_0x9416f0 .event posedge, v0x96bf90_0;
L_0x96d630 .part C4<zzzzzzzz>, 0, 3;
L_0x96d6d0 .cmp/eq 3, L_0x96d630, C4<110>;
L_0x96d7c0 .part C4<zzzzzzzzzzzzzzzz>, 3, 1;
L_0x96d860 .concat [ 1 2 0 0], L_0x96d7c0, C4<00>;
L_0x96da80 .cmp/eq 3, L_0x96d860, C4<001>;
    .scope S_0x9414e0;
T_0 ;
    %wait E_0x9416f0;
    %load/v 8, v0x96d4a0_0, 1;
    %jmp/0xz  T_0.0, 8;
    %movi 8, 1, 6;
    %ix/load 0, 6, 0;
    %assign/v0 v0x96d3a0_0, 0, 8;
    %ix/load 0, 8, 0;
    %assign/v0 v0x96d0f0_0, 0, 0;
    %ix/load 0, 16, 0;
    %assign/v0 v0x96cfa0_0, 0, 0;
    %ix/load 0, 8, 0;
    %assign/v0 v0x96d230_0, 0, 0;
    %ix/load 0, 1, 0;
    %assign/v0 v0x96d320_0, 0, 0;
    %ix/load 0, 8, 0;
    %assign/v0 v0x96d1b0_0, 0, 0;
    %jmp T_0.1;
T_0.0 ;
    %load/v 8, v0x96cb70_0, 6;
    %ix/load 0, 6, 0;
    %assign/v0 v0x96d3a0_0, 0, 8;
    %load/v 8, v0x96cf00_0, 8;
    %ix/load 0, 8, 0;
    %assign/v0 v0x96d0f0_0, 0, 8;
    %load/v 8, v0x96cdc0_0, 16;
    %ix/load 0, 16, 0;
    %assign/v0 v0x96cfa0_0, 0, 8;
    %load/v 8, v0x96d050_0, 8;
    %ix/load 0, 8, 0;
    %assign/v0 v0x96d230_0, 0, 8;
    %load/v 8, v0x96ce60_0, 1;
    %ix/load 0, 1, 0;
    %assign/v0 v0x96d320_0, 0, 8;
    %load/v 8, v0x96cd10_0, 8;
    %ix/load 0, 8, 0;
    %assign/v0 v0x96d1b0_0, 0, 8;
T_0.1 ;
    %jmp T_0;
    .thread T_0;
    .scope S_0x9414e0;
T_1 ;
    %wait E_0x94c8d0;
    %load/v 8, v0x96d3a0_0, 6;
    %ix/load 0, 6, 0;
    %assign/v0 v0x96cb70_0, 0, 8;
    %load/v 8, v0x96d320_0, 1;
    %ix/load 0, 1, 0;
    %assign/v0 v0x96ce60_0, 0, 8;
    %load/v 8, v0x96d0f0_0, 8;
    %ix/load 0, 8, 0;
    %assign/v0 v0x96cf00_0, 0, 8;
    %load/v 8, v0x96cfa0_0, 16;
    %ix/load 0, 16, 0;
    %assign/v0 v0x96cdc0_0, 0, 8;
    %load/v 8, v0x96d230_0, 8;
    %ix/load 0, 8, 0;
    %assign/v0 v0x96d050_0, 0, 8;
    %load/v 8, v0x96d320_0, 1;
    %ix/load 0, 1, 0;
    %assign/v0 v0x96ce60_0, 0, 8;
    %load/v 8, v0x96d1b0_0, 8;
    %ix/load 0, 8, 0;
    %assign/v0 v0x96cd10_0, 0, 8;
    %load/v 8, v0x96d3a0_0, 6;
    %cmpi/u 8, 1, 6;
    %jmp/1 T_1.0, 6;
    %cmpi/u 8, 2, 6;
    %jmp/1 T_1.1, 6;
    %cmpi/u 8, 4, 6;
    %jmp/1 T_1.2, 6;
    %cmpi/u 8, 8, 6;
    %jmp/1 T_1.3, 6;
    %cmpi/u 8, 16, 6;
    %jmp/1 T_1.4, 6;
    %jmp T_1.5;
T_1.0 ;
    %load/v 8, v0x96c0e0_0, 1;
    %inv 8, 1;
    %load/v 9, v0x96c180_0, 1;
    %inv 9, 1;
    %and 8, 9, 1;
    %jmp/0xz  T_1.6, 8;
    %movi 8, 1, 6;
    %ix/load 0, 6, 0;
    %assign/v0 v0x96cb70_0, 0, 8;
    %jmp T_1.7;
T_1.6 ;
    %movi 8, 2, 6;
    %ix/load 0, 6, 0;
    %assign/v0 v0x96cb70_0, 0, 8;
T_1.7 ;
    %jmp T_1.5;
T_1.1 ;
    %ix/load 1, 10, 0;
    %mov 4, 0, 1;
    %jmp/1 T_1.8, 4;
    %load/x1p 8, v0x96c860_0, 1;
    %jmp T_1.9;
T_1.8 ;
    %mov 8, 2, 1;
T_1.9 ;
; Save base=8 wid=1 in lookaside.
    %jmp/0xz  T_1.10, 8;
    %movi 8, 2, 6;
    %ix/load 0, 6, 0;
    %assign/v0 v0x96cb70_0, 0, 8;
    %jmp T_1.11;
T_1.10 ;
    %load/v 8, v0x96cc10_0, 8;
   %andi 8, 1, 8;
    %cmpi/u 8, 0, 8;
    %inv 4, 1;
    %jmp/0xz  T_1.12, 4;
    %movi 8, 4, 6;
    %ix/load 0, 6, 0;
    %assign/v0 v0x96cb70_0, 0, 8;
    %jmp T_1.13;
T_1.12 ;
    %movi 8, 1, 6;
    %ix/load 0, 6, 0;
    %assign/v0 v0x96cb70_0, 0, 8;
T_1.13 ;
T_1.11 ;
    %jmp T_1.5;
T_1.2 ;
    %load/v 8, v0x96c260_0, 1;
    %jmp/0xz  T_1.14, 8;
    %load/v 8, v0x96cfa0_0, 16;
    %movi 24, 32, 16;
    %or 8, 24, 16;
    %ix/load 0, 16, 0;
    %assign/v0 v0x96cdc0_0, 0, 8;
    %ix/load 0, 8, 0;
    %assign/v0 v0x96d050_0, 0, 0;
    %jmp T_1.15;
T_1.14 ;
    %load/v 8, v0x96cfa0_0, 16;
    %ix/load 0, 16, 0;
    %assign/v0 v0x96cdc0_0, 0, 8;
T_1.15 ;
    %load/v 8, v0x96c300_0, 1;
    %jmp/0xz  T_1.16, 8;
    %movi 8, 16, 6;
    %ix/load 0, 6, 0;
    %assign/v0 v0x96cb70_0, 0, 8;
    %jmp T_1.17;
T_1.16 ;
    %movi 8, 8, 6;
    %ix/load 0, 6, 0;
    %assign/v0 v0x96cb70_0, 0, 8;
T_1.17 ;
    %jmp T_1.5;
T_1.3 ;
    %ix/load 0, 1, 0;
    %assign/v0 v0x96ce60_0, 0, 1;
    %load/v 8, v0x940a80_0, 1;
    %load/v 9, v0x96bef0_0, 1;
    %or 8, 9, 1;
    %load/v 9, v0x96c260_0, 1;
    %or 8, 9, 1;
    %jmp/0xz  T_1.18, 8;
    %movi 8, 2, 6;
    %ix/load 0, 6, 0;
    %assign/v0 v0x96cb70_0, 0, 8;
    %jmp T_1.19;
T_1.18 ;
    %movi 8, 16, 6;
    %ix/load 0, 6, 0;
    %assign/v0 v0x96cb70_0, 0, 8;
T_1.19 ;
    %jmp T_1.5;
T_1.4 ;
    %load/v 8, v0x96c030_0, 8;
    %ix/load 0, 8, 0;
    %assign/v0 v0x96cd10_0, 0, 8;
    %ix/load 0, 49, 0;
    %load/vp0 8, v0x96caf0_0, 8;
    %ix/load 0, 8, 0;
    %assign/v0 v0x96cf00_0, 0, 8;
    %load/v 8, v0x96caf0_0, 8;
    %mov 16, 0, 24;
    %addi 8, 1, 32;
    %ix/load 0, 8, 0;
    %assign/v0 v0x96d050_0, 0, 8;
    %load/v 8, v0x96d230_0, 8;
    %mov 16, 0, 1;
    %cmpi/u 8, 31, 9;
    %jmp/0xz  T_1.20, 4;
    %load/v 8, v0x96cfa0_0, 16;
    %movi 24, 1024, 16;
    %or 8, 24, 16;
    %ix/load 0, 16, 0;
    %assign/v0 v0x96cdc0_0, 0, 8;
    %jmp T_1.21;
T_1.20 ;
    %load/v 8, v0x96cfa0_0, 16;
   %andi 8, 64511, 16;
    %ix/load 0, 16, 0;
    %assign/v0 v0x96cdc0_0, 0, 8;
T_1.21 ;
    %load/v 8, v0x96cfa0_0, 16;
    %movi 24, 4, 16;
    %or 8, 24, 16;
    %ix/load 0, 16, 0;
    %assign/v0 v0x96cdc0_0, 0, 8;
    %movi 8, 2, 6;
    %ix/load 0, 6, 0;
    %assign/v0 v0x96cb70_0, 0, 8;
    %jmp T_1.5;
T_1.5 ;
    %jmp T_1;
    .thread T_1, $push;
# The file index is used to find the file name in the following table.
:file_names 3;
    "N/A";
    "<interactive>";
    "Rx_Module.v";
