#! /usr/local/bin/vvp
:ivl_version "0.9.7 " "(v0_9_7)";
:vpi_time_precision + 0;
:vpi_module "system";
:vpi_module "v2005_math";
:vpi_module "va_math";
S_0x1189860 .scope module, "I2C_Module" "I2C_Module" 2 21;
 .timescale 0 0;
P_0x11cc3e8 .param/l "ACK1" 2 41, +C4<010000000>;
P_0x11cc410 .param/l "ACK2" 2 46, +C4<01000000000000>;
P_0x11cc438 .param/l "COMP_ID" 2 40, +C4<01000000>;
P_0x11cc460 .param/l "IDLE_ID" 2 35, +C4<01>;
P_0x11cc488 .param/l "ID_CYCLE" 2 39, +C4<0100000>;
P_0x11cc4b0 .param/l "REG_CYCLE" 2 45, +C4<0100000000000>;
P_0x11cc4d8 .param/l "R_W" 2 47, +C4<010000000000000>;
P_0x11cc500 .param/l "SAVE_ID" 2 38, +C4<010000>;
P_0x11cc528 .param/l "SAVE_REG" 2 44, +C4<010000000000>;
P_0x11cc550 .param/l "SAVE_W" 2 54, +C4<0100000000000000000000>;
P_0x11cc578 .param/l "SEND" 2 50, +C4<010000000000000000>;
P_0x11cc5a0 .param/l "SEND_CYCLE" 2 51, +C4<0100000000000000000>;
P_0x11cc5c8 .param/l "START" 2 36, +C4<010>;
P_0x11cc5f0 .param/l "START_READ" 2 48, +C4<0100000000000000>;
P_0x11cc618 .param/l "START_REG" 2 42, +C4<0100000000>;
P_0x11cc640 .param/l "START_WRITE" 2 52, +C4<01000000000000000000>;
P_0x11cc668 .param/l "STOP" 2 56, +C4<010000000000000000000000>;
P_0x11cc690 .param/l "WAIT_ID" 2 37, +C4<01000>;
P_0x11cc6b8 .param/l "WAIT_REG" 2 43, +C4<01000000000>;
P_0x11cc6e0 .param/l "WAIT_SEND" 2 49, +C4<01000000000000000>;
P_0x11cc708 .param/l "WAIT_WRITE" 2 53, +C4<010000000000000000000>;
P_0x11cc730 .param/l "WRITE_CYCLE" 2 55, +C4<01000000000000000000000>;
v0x1188ad0_0 .var "ADDR", 7 0;
v0x11ebc60_0 .net "CLK", 0 0, C4<z>; 0 drivers
v0x11ebd00_0 .var "DevID", 6 0;
v0x11ebda0_0 .net "RD_DATA", 15 0, C4<zzzzzzzzzzzzzzzz>; 0 drivers
v0x11ebe50_0 .var "RNW", 0 0;
v0x11ebef0_0 .var "RW", 0 0;
v0x11ebfd0_0 .net "Reset", 0 0, C4<z>; 0 drivers
v0x11ec070_0 .net "SCL", 0 0, C4<z>; 0 drivers
v0x11ec160_0 .var "Start", 0 0;
v0x11ec200_0 .var "WR_DATA", 15 0;
v0x11ec300_0 .var "byteCounter", 3 0;
v0x11ec3a0_0 .var "count", 4 0;
v0x11ec4b0_0 .var "currentState", 21 0;
v0x11ec550_0 .var "goodCRC", 0 0;
v0x11ec670_0 .net "iSDA", 0 0, C4<z>; 0 drivers
v0x11ec710_0 .var "nextState", 21 0;
v0x11ec5d0_0 .var "nxt_timeReset", 0 0;
v0x11ec860_0 .net "oSDA", 0 0, v0x11ecdc0_0; 1 drivers
v0x11ec980_0 .var "rAdd", 15 0;
v0x11eca00_0 .var "rByte", 7 0;
v0x11ec8e0_0 .var "rRec", 15 0;
v0x11ecb30_0 .var "rSend", 15 0;
v0x11eca80_0 .var "req", 0 0;
v0x11ecc70_0 .var "timeCounter", 31 0;
v0x11ecbd0_0 .var "timeReset", 0 0;
v0x11ecdc0_0 .var "woSDA", 0 0;
E_0x11bc2e0 .event posedge, v0x11ebc60_0;
E_0x11892d0 .event edge, v0x11ebfd0_0, v0x11ebc60_0;
E_0x11894e0 .event negedge, v0x11ec670_0;
    .scope S_0x1189860;
T_0 ;
    %wait E_0x11894e0;
    %load/v 8, v0x11ec070_0, 1;
    %jmp/0xz  T_0.0, 8;
    %ix/load 0, 1, 0;
    %assign/v0 v0x11ec160_0, 0, 1;
    %jmp T_0.1;
T_0.0 ;
    %ix/load 0, 1, 0;
    %assign/v0 v0x11ec160_0, 0, 0;
T_0.1 ;
    %jmp T_0;
    .thread T_0;
    .scope S_0x1189860;
T_1 ;
    %wait E_0x11892d0;
    %load/v 8, v0x11ebfd0_0, 1;
    %jmp/0xz  T_1.0, 8;
    %ix/load 0, 7, 0;
    %assign/v0 v0x11ebd00_0, 0, 0;
    %movi 8, 1, 22;
    %ix/load 0, 22, 0;
    %assign/v0 v0x11ec4b0_0, 0, 8;
    %movi 8, 1, 22;
    %ix/load 0, 22, 0;
    %assign/v0 v0x11ec710_0, 0, 8;
    %movi 8, 8, 5;
    %ix/load 0, 5, 0;
    %assign/v0 v0x11ec3a0_0, 0, 8;
    %ix/load 0, 8, 0;
    %assign/v0 v0x11eca00_0, 0, 0;
    %ix/load 0, 16, 0;
    %assign/v0 v0x11ec980_0, 0, 0;
    %movi 8, 43690, 16;
    %ix/load 0, 16, 0;
    %assign/v0 v0x11ecb30_0, 0, 8;
    %ix/load 0, 16, 0;
    %assign/v0 v0x11ec8e0_0, 0, 0;
    %ix/load 0, 1, 0;
    %assign/v0 v0x11ebef0_0, 0, 1;
    %ix/load 0, 1, 0;
    %assign/v0 v0x11ec160_0, 0, 0;
    %ix/load 0, 32, 0;
    %assign/v0 v0x11ecc70_0, 0, 0;
    %ix/load 0, 1, 0;
    %assign/v0 v0x11ecbd0_0, 0, 0;
    %ix/load 0, 1, 0;
    %assign/v0 v0x11ecdc0_0, 0, 1;
    %ix/load 0, 4, 0;
    %assign/v0 v0x11ec300_0, 0, 0;
    %ix/load 0, 8, 0;
    %assign/v0 v0x1188ad0_0, 0, 0;
    %ix/load 0, 1, 0;
    %assign/v0 v0x11ebe50_0, 0, 0;
    %ix/load 0, 1, 0;
    %assign/v0 v0x11eca80_0, 0, 0;
    %ix/load 0, 16, 0;
    %assign/v0 v0x11ec200_0, 0, 0;
    %ix/load 0, 1, 0;
    %assign/v0 v0x11ec550_0, 0, 0;
    %jmp T_1.1;
T_1.0 ;
    %load/v 8, v0x11ebef0_0, 1;
    %ix/load 0, 1, 0;
    %assign/v0 v0x11ebef0_0, 0, 8;
    %load/v 8, v0x11ec710_0, 22;
    %ix/load 0, 22, 0;
    %assign/v0 v0x11ec4b0_0, 0, 8;
    %load/v 8, v0x11ecbd0_0, 1;
    %jmp/0xz  T_1.2, 8;
    %ix/load 0, 32, 0;
    %assign/v0 v0x11ecc70_0, 0, 0;
    %ix/load 0, 1, 0;
    %assign/v0 v0x11ecbd0_0, 0, 0;
    %jmp T_1.3;
T_1.2 ;
    %load/v 8, v0x11ecc70_0, 32;
    %mov 40, 0, 1;
    %addi 8, 1, 33;
    %ix/load 0, 32, 0;
    %assign/v0 v0x11ecc70_0, 0, 8;
    %load/v 8, v0x11ec710_0, 22;
    %ix/load 0, 1, 0;
    %assign/v0 v0x11ecbd0_0, 0, 8;
T_1.3 ;
T_1.1 ;
    %jmp T_1;
    .thread T_1, $push;
    .scope S_0x1189860;
T_2 ;
    %wait E_0x11bc2e0;
    %load/v 8, v0x11ecbd0_0, 1;
    %ix/load 0, 1, 0;
    %assign/v0 v0x11ec5d0_0, 0, 8;
    %load/v 8, v0x11ec4b0_0, 22;
    %cmpi/u 8, 1, 22;
    %jmp/1 T_2.0, 6;
    %cmpi/u 8, 2, 22;
    %jmp/1 T_2.1, 6;
    %cmpi/u 8, 8, 22;
    %jmp/1 T_2.2, 6;
    %cmpi/u 8, 16, 22;
    %jmp/1 T_2.3, 6;
    %cmpi/u 8, 32, 22;
    %jmp/1 T_2.4, 6;
    %cmpi/u 8, 64, 22;
    %jmp/1 T_2.5, 6;
    %cmpi/u 8, 128, 22;
    %jmp/1 T_2.6, 6;
    %cmpi/u 8, 256, 22;
    %jmp/1 T_2.7, 6;
    %cmpi/u 8, 512, 22;
    %jmp/1 T_2.8, 6;
    %cmpi/u 8, 1024, 22;
    %jmp/1 T_2.9, 6;
    %cmpi/u 8, 2048, 22;
    %jmp/1 T_2.10, 6;
    %cmpi/u 8, 4096, 22;
    %jmp/1 T_2.11, 6;
    %cmpi/u 8, 8192, 22;
    %jmp/1 T_2.12, 6;
    %cmpi/u 8, 16384, 22;
    %jmp/1 T_2.13, 6;
    %cmpi/u 8, 32768, 22;
    %jmp/1 T_2.14, 6;
    %movi 30, 65536, 22;
    %cmp/u 8, 30, 22;
    %jmp/1 T_2.15, 6;
    %movi 30, 131072, 22;
    %cmp/u 8, 30, 22;
    %jmp/1 T_2.16, 6;
    %movi 30, 262144, 22;
    %cmp/u 8, 30, 22;
    %jmp/1 T_2.17, 6;
    %movi 30, 524288, 22;
    %cmp/u 8, 30, 22;
    %jmp/1 T_2.18, 6;
    %movi 30, 1048576, 22;
    %cmp/u 8, 30, 22;
    %jmp/1 T_2.19, 6;
    %movi 30, 2097152, 22;
    %cmp/u 8, 30, 22;
    %jmp/1 T_2.20, 6;
    %cmp/u 8, 0, 22;
    %jmp/1 T_2.21, 6;
    %load/v 8, v0x11ec3a0_0, 5;
    %ix/load 0, 5, 0;
    %assign/v0 v0x11ec3a0_0, 0, 8;
    %load/v 8, v0x11eca00_0, 8;
    %ix/load 0, 8, 0;
    %assign/v0 v0x11eca00_0, 0, 8;
    %load/v 8, v0x11ebef0_0, 1;
    %ix/load 0, 1, 0;
    %assign/v0 v0x11ebef0_0, 0, 8;
    %load/v 8, v0x11ec980_0, 16;
    %ix/load 0, 16, 0;
    %assign/v0 v0x11ec980_0, 0, 8;
    %load/v 8, v0x11ecb30_0, 16;
    %ix/load 0, 16, 0;
    %assign/v0 v0x11ecb30_0, 0, 8;
    %load/v 8, v0x11ec8e0_0, 16;
    %ix/load 0, 16, 0;
    %assign/v0 v0x11ec8e0_0, 0, 8;
    %load/v 8, v0x11ec300_0, 4;
    %ix/load 0, 4, 0;
    %assign/v0 v0x11ec300_0, 0, 8;
    %load/v 8, v0x11ebd00_0, 7;
    %ix/load 0, 7, 0;
    %assign/v0 v0x11ebd00_0, 0, 8;
    %ix/load 0, 8, 0;
    %assign/v0 v0x1188ad0_0, 0, 0;
    %ix/load 0, 1, 0;
    %assign/v0 v0x11ebe50_0, 0, 0;
    %ix/load 0, 1, 0;
    %assign/v0 v0x11eca80_0, 0, 0;
    %ix/load 0, 16, 0;
    %assign/v0 v0x11ec200_0, 0, 0;
    %ix/load 0, 1, 0;
    %assign/v0 v0x11ec550_0, 0, 0;
    %movi 8, 1, 22;
    %ix/load 0, 22, 0;
    %assign/v0 v0x11ec710_0, 0, 8;
    %jmp T_2.23;
T_2.0 ;
    %load/v 8, v0x11ec3a0_0, 5;
    %ix/load 0, 5, 0;
    %assign/v0 v0x11ec3a0_0, 0, 8;
    %ix/load 0, 8, 0;
    %assign/v0 v0x11eca00_0, 0, 0;
    %load/v 8, v0x11ebef0_0, 1;
    %ix/load 0, 1, 0;
    %assign/v0 v0x11ebef0_0, 0, 8;
    %ix/load 0, 16, 0;
    %assign/v0 v0x11ec980_0, 0, 0;
    %load/v 8, v0x11ecb30_0, 16;
    %ix/load 0, 16, 0;
    %assign/v0 v0x11ecb30_0, 0, 8;
    %ix/load 0, 16, 0;
    %assign/v0 v0x11ec8e0_0, 0, 0;
    %ix/load 0, 4, 0;
    %assign/v0 v0x11ec300_0, 0, 0;
    %ix/load 0, 1, 0;
    %assign/v0 v0x11ec550_0, 0, 0;
    %load/v 8, v0x11ebd00_0, 7;
    %ix/load 0, 7, 0;
    %assign/v0 v0x11ebd00_0, 0, 8;
    %load/v 8, v0x11ec160_0, 1;
    %jmp/0xz  T_2.24, 8;
    %ix/load 0, 8, 0;
    %assign/v0 v0x1188ad0_0, 0, 0;
    %ix/load 0, 1, 0;
    %assign/v0 v0x11ebe50_0, 0, 0;
    %ix/load 0, 1, 0;
    %assign/v0 v0x11eca80_0, 0, 0;
    %ix/load 0, 16, 0;
    %assign/v0 v0x11ec200_0, 0, 0;
    %movi 8, 2, 22;
    %ix/load 0, 22, 0;
    %assign/v0 v0x11ec710_0, 0, 8;
    %jmp T_2.25;
T_2.24 ;
    %movi 8, 4, 8;
    %ix/load 0, 8, 0;
    %assign/v0 v0x1188ad0_0, 0, 8;
    %ix/load 0, 1, 0;
    %assign/v0 v0x11ebe50_0, 0, 1;
    %ix/load 0, 1, 0;
    %assign/v0 v0x11eca80_0, 0, 1;
    %ix/load 0, 16, 0;
    %assign/v0 v0x11ec200_0, 0, 0;
    %load/v 8, v0x11ebda0_0, 7; Only need 7 of 16 bits
; Save base=8 wid=7 in lookaside.
    %ix/load 0, 7, 0;
    %assign/v0 v0x11ebd00_0, 0, 8;
    %movi 8, 1, 22;
    %ix/load 0, 22, 0;
    %assign/v0 v0x11ec710_0, 0, 8;
T_2.25 ;
    %jmp T_2.23;
T_2.1 ;
    %movi 8, 8, 5;
    %ix/load 0, 5, 0;
    %assign/v0 v0x11ec3a0_0, 0, 8;
    %load/v 8, v0x11eca00_0, 8;
    %ix/load 0, 8, 0;
    %assign/v0 v0x11eca00_0, 0, 8;
    %load/v 8, v0x11ebef0_0, 1;
    %ix/load 0, 1, 0;
    %assign/v0 v0x11ebef0_0, 0, 8;
    %load/v 8, v0x11ec980_0, 16;
    %ix/load 0, 16, 0;
    %assign/v0 v0x11ec980_0, 0, 8;
    %load/v 8, v0x11ecb30_0, 16;
    %ix/load 0, 16, 0;
    %assign/v0 v0x11ecb30_0, 0, 8;
    %load/v 8, v0x11ec8e0_0, 16;
    %ix/load 0, 16, 0;
    %assign/v0 v0x11ec8e0_0, 0, 8;
    %load/v 8, v0x11ec300_0, 4;
    %ix/load 0, 4, 0;
    %assign/v0 v0x11ec300_0, 0, 8;
    %ix/load 0, 8, 0;
    %assign/v0 v0x1188ad0_0, 0, 0;
    %ix/load 0, 1, 0;
    %assign/v0 v0x11ebe50_0, 0, 0;
    %ix/load 0, 1, 0;
    %assign/v0 v0x11eca80_0, 0, 0;
    %ix/load 0, 16, 0;
    %assign/v0 v0x11ec200_0, 0, 0;
    %ix/load 0, 1, 0;
    %assign/v0 v0x11ec550_0, 0, 0;
    %load/v 8, v0x11ebd00_0, 7;
    %ix/load 0, 7, 0;
    %assign/v0 v0x11ebd00_0, 0, 8;
    %load/v 8, v0x11ec070_0, 1;
    %jmp/0xz  T_2.26, 8;
    %movi 8, 2, 22;
    %ix/load 0, 22, 0;
    %assign/v0 v0x11ec710_0, 0, 8;
    %jmp T_2.27;
T_2.26 ;
    %movi 8, 8, 22;
    %ix/load 0, 22, 0;
    %assign/v0 v0x11ec710_0, 0, 8;
T_2.27 ;
    %jmp T_2.23;
T_2.2 ;
    %load/v 8, v0x11ec3a0_0, 5;
    %ix/load 0, 5, 0;
    %assign/v0 v0x11ec3a0_0, 0, 8;
    %load/v 8, v0x11eca00_0, 8;
    %ix/load 0, 8, 0;
    %assign/v0 v0x11eca00_0, 0, 8;
    %load/v 8, v0x11ebef0_0, 1;
    %ix/load 0, 1, 0;
    %assign/v0 v0x11ebef0_0, 0, 8;
    %load/v 8, v0x11ec980_0, 16;
    %ix/load 0, 16, 0;
    %assign/v0 v0x11ec980_0, 0, 8;
    %load/v 8, v0x11ecb30_0, 16;
    %ix/load 0, 16, 0;
    %assign/v0 v0x11ecb30_0, 0, 8;
    %load/v 8, v0x11ec8e0_0, 16;
    %ix/load 0, 16, 0;
    %assign/v0 v0x11ec8e0_0, 0, 8;
    %load/v 8, v0x11ec300_0, 4;
    %ix/load 0, 4, 0;
    %assign/v0 v0x11ec300_0, 0, 8;
    %ix/load 0, 8, 0;
    %assign/v0 v0x1188ad0_0, 0, 0;
    %ix/load 0, 1, 0;
    %assign/v0 v0x11ebe50_0, 0, 0;
    %ix/load 0, 1, 0;
    %assign/v0 v0x11eca80_0, 0, 0;
    %ix/load 0, 16, 0;
    %assign/v0 v0x11ec200_0, 0, 0;
    %ix/load 0, 1, 0;
    %assign/v0 v0x11ec550_0, 0, 0;
    %load/v 8, v0x11ebd00_0, 7;
    %ix/load 0, 7, 0;
    %assign/v0 v0x11ebd00_0, 0, 8;
    %load/v 8, v0x11ec070_0, 1;
    %jmp/0xz  T_2.28, 8;
    %load/v 8, v0x11ec3a0_0, 5;
    %mov 13, 0, 27;
    %subi 8, 1, 32;
    %ix/load 0, 5, 0;
    %assign/v0 v0x11ec3a0_0, 0, 8;
    %movi 8, 16, 22;
    %ix/load 0, 22, 0;
    %assign/v0 v0x11ec710_0, 0, 8;
    %jmp T_2.29;
T_2.28 ;
    %movi 8, 8, 22;
    %ix/load 0, 22, 0;
    %assign/v0 v0x11ec710_0, 0, 8;
T_2.29 ;
    %jmp T_2.23;
T_2.3 ;
    %load/v 8, v0x11ec3a0_0, 5;
    %ix/load 0, 5, 0;
    %assign/v0 v0x11ec3a0_0, 0, 8;
    %load/v 8, v0x11eca00_0, 8;
    %ix/load 0, 8, 0;
    %assign/v0 v0x11eca00_0, 0, 8;
    %load/v 8, v0x11ec670_0, 1;
    %ix/getv 1, v0x11ec3a0_0;
    %jmp/1 t_0, 4;
    %ix/load 0, 1, 0;
    %assign/v0/x1 v0x11eca00_0, 0, 8;
t_0 ;
    %load/v 8, v0x11ebef0_0, 1;
    %ix/load 0, 1, 0;
    %assign/v0 v0x11ebef0_0, 0, 8;
    %load/v 8, v0x11ec980_0, 16;
    %ix/load 0, 16, 0;
    %assign/v0 v0x11ec980_0, 0, 8;
    %load/v 8, v0x11ecb30_0, 16;
    %ix/load 0, 16, 0;
    %assign/v0 v0x11ecb30_0, 0, 8;
    %load/v 8, v0x11ec8e0_0, 16;
    %ix/load 0, 16, 0;
    %assign/v0 v0x11ec8e0_0, 0, 8;
    %load/v 8, v0x11ec300_0, 4;
    %ix/load 0, 4, 0;
    %assign/v0 v0x11ec300_0, 0, 8;
    %ix/load 0, 8, 0;
    %assign/v0 v0x1188ad0_0, 0, 0;
    %ix/load 0, 1, 0;
    %assign/v0 v0x11ebe50_0, 0, 0;
    %ix/load 0, 1, 0;
    %assign/v0 v0x11eca80_0, 0, 0;
    %ix/load 0, 16, 0;
    %assign/v0 v0x11ec200_0, 0, 0;
    %ix/load 0, 1, 0;
    %assign/v0 v0x11ec550_0, 0, 0;
    %load/v 8, v0x11ebd00_0, 7;
    %ix/load 0, 7, 0;
    %assign/v0 v0x11ebd00_0, 0, 8;
    %ix/load 0, 1, 0;
    %assign/v0 v0x11ec5d0_0, 0, 1;
    %movi 8, 32, 22;
    %ix/load 0, 22, 0;
    %assign/v0 v0x11ec710_0, 0, 8;
    %jmp T_2.23;
T_2.4 ;
    %load/v 8, v0x11ec3a0_0, 5;
    %ix/load 0, 5, 0;
    %assign/v0 v0x11ec3a0_0, 0, 8;
    %load/v 8, v0x11eca00_0, 8;
    %ix/load 0, 8, 0;
    %assign/v0 v0x11eca00_0, 0, 8;
    %load/v 8, v0x11ec980_0, 16;
    %ix/load 0, 16, 0;
    %assign/v0 v0x11ec980_0, 0, 8;
    %load/v 8, v0x11ecb30_0, 16;
    %ix/load 0, 16, 0;
    %assign/v0 v0x11ecb30_0, 0, 8;
    %load/v 8, v0x11ebef0_0, 1;
    %ix/load 0, 1, 0;
    %assign/v0 v0x11ebef0_0, 0, 8;
    %load/v 8, v0x11ec8e0_0, 16;
    %ix/load 0, 16, 0;
    %assign/v0 v0x11ec8e0_0, 0, 8;
    %load/v 8, v0x11ec300_0, 4;
    %ix/load 0, 4, 0;
    %assign/v0 v0x11ec300_0, 0, 8;
    %ix/load 0, 8, 0;
    %assign/v0 v0x1188ad0_0, 0, 0;
    %ix/load 0, 1, 0;
    %assign/v0 v0x11ebe50_0, 0, 0;
    %ix/load 0, 1, 0;
    %assign/v0 v0x11eca80_0, 0, 0;
    %ix/load 0, 16, 0;
    %assign/v0 v0x11ec200_0, 0, 0;
    %ix/load 0, 1, 0;
    %assign/v0 v0x11ec550_0, 0, 0;
    %load/v 8, v0x11ebd00_0, 7;
    %ix/load 0, 7, 0;
    %assign/v0 v0x11ebd00_0, 0, 8;
    %load/v 8, v0x11ec3a0_0, 5;
    %mov 13, 0, 1;
    %cmpi/u 8, 0, 6;
    %jmp/0xz  T_2.30, 4;
    %movi 8, 64, 22;
    %ix/load 0, 22, 0;
    %assign/v0 v0x11ec710_0, 0, 8;
    %jmp T_2.31;
T_2.30 ;
    %load/v 8, v0x11ecc70_0, 32;
   %cmpi/u 8, 124, 32;
    %or 5, 4, 1;
    %jmp/0xz  T_2.32, 5;
    %movi 8, 32, 22;
    %ix/load 0, 22, 0;
    %assign/v0 v0x11ec710_0, 0, 8;
    %jmp T_2.33;
T_2.32 ;
    %movi 8, 8, 22;
    %ix/load 0, 22, 0;
    %assign/v0 v0x11ec710_0, 0, 8;
T_2.33 ;
T_2.31 ;
    %jmp T_2.23;
T_2.5 ;
    %load/v 8, v0x11ec3a0_0, 5;
    %ix/load 0, 5, 0;
    %assign/v0 v0x11ec3a0_0, 0, 8;
    %load/v 8, v0x11eca00_0, 8;
    %ix/load 0, 8, 0;
    %assign/v0 v0x11eca00_0, 0, 8;
    %load/v 8, v0x11eca00_0, 1; Only need 1 of 8 bits
; Save base=8 wid=1 in lookaside.
    %ix/load 0, 1, 0;
    %assign/v0 v0x11ebef0_0, 0, 8;
    %load/v 8, v0x11ec980_0, 16;
    %ix/load 0, 16, 0;
    %assign/v0 v0x11ec980_0, 0, 8;
    %load/v 8, v0x11ecb30_0, 16;
    %ix/load 0, 16, 0;
    %assign/v0 v0x11ecb30_0, 0, 8;
    %load/v 8, v0x11ec8e0_0, 16;
    %ix/load 0, 16, 0;
    %assign/v0 v0x11ec8e0_0, 0, 8;
    %ix/load 0, 8, 0;
    %assign/v0 v0x1188ad0_0, 0, 0;
    %ix/load 0, 1, 0;
    %assign/v0 v0x11ebe50_0, 0, 0;
    %ix/load 0, 1, 0;
    %assign/v0 v0x11eca80_0, 0, 0;
    %ix/load 0, 16, 0;
    %assign/v0 v0x11ec200_0, 0, 0;
    %ix/load 0, 1, 0;
    %assign/v0 v0x11ec550_0, 0, 0;
    %load/v 8, v0x11ebd00_0, 7;
    %ix/load 0, 7, 0;
    %assign/v0 v0x11ebd00_0, 0, 8;
    %ix/load 1, 1, 0;
    %mov 4, 0, 1;
    %jmp/1 T_2.34, 4;
    %load/x1p 8, v0x11eca00_0, 7;
    %jmp T_2.35;
T_2.34 ;
    %mov 8, 2, 7;
T_2.35 ;
; Save base=8 wid=7 in lookaside.
    %load/v 15, v0x11ebd00_0, 7;
    %cmp/u 8, 15, 7;
    %jmp/0xz  T_2.36, 4;
    %load/v 8, v0x11ec300_0, 4;
    %mov 12, 0, 28;
    %addi 8, 1, 32;
    %ix/load 0, 4, 0;
    %assign/v0 v0x11ec300_0, 0, 8;
    %movi 8, 128, 22;
    %ix/load 0, 22, 0;
    %assign/v0 v0x11ec710_0, 0, 8;
    %jmp T_2.37;
T_2.36 ;
    %ix/load 0, 4, 0;
    %assign/v0 v0x11ec300_0, 0, 0;
    %movi 8, 1, 22;
    %ix/load 0, 22, 0;
    %assign/v0 v0x11ec710_0, 0, 8;
T_2.37 ;
    %jmp T_2.23;
T_2.6 ;
    %load/v 8, v0x11ec3a0_0, 5;
    %ix/load 0, 5, 0;
    %assign/v0 v0x11ec3a0_0, 0, 8;
    %load/v 8, v0x11eca00_0, 8;
    %ix/load 0, 8, 0;
    %assign/v0 v0x11eca00_0, 0, 8;
    %load/v 8, v0x11ebef0_0, 1;
    %ix/load 0, 1, 0;
    %assign/v0 v0x11ebef0_0, 0, 8;
    %load/v 8, v0x11ec980_0, 16;
    %ix/load 0, 16, 0;
    %assign/v0 v0x11ec980_0, 0, 8;
    %load/v 8, v0x11ecb30_0, 16;
    %ix/load 0, 16, 0;
    %assign/v0 v0x11ecb30_0, 0, 8;
    %load/v 8, v0x11ec8e0_0, 16;
    %ix/load 0, 16, 0;
    %assign/v0 v0x11ec8e0_0, 0, 8;
    %ix/load 0, 4, 0;
    %assign/v0 v0x11ec300_0, 0, 0;
    %ix/load 0, 8, 0;
    %assign/v0 v0x1188ad0_0, 0, 0;
    %ix/load 0, 1, 0;
    %assign/v0 v0x11ebe50_0, 0, 0;
    %ix/load 0, 1, 0;
    %assign/v0 v0x11eca80_0, 0, 0;
    %ix/load 0, 16, 0;
    %assign/v0 v0x11ec200_0, 0, 0;
    %ix/load 0, 1, 0;
    %assign/v0 v0x11ec550_0, 0, 0;
    %load/v 8, v0x11ebd00_0, 7;
    %ix/load 0, 7, 0;
    %assign/v0 v0x11ebd00_0, 0, 8;
    %ix/load 0, 1, 0;
    %assign/v0 v0x11ecdc0_0, 0, 0;
    %movi 8, 256, 22;
    %ix/load 0, 22, 0;
    %assign/v0 v0x11ec710_0, 0, 8;
    %jmp T_2.23;
T_2.7 ;
    %movi 8, 8, 5;
    %ix/load 0, 5, 0;
    %assign/v0 v0x11ec3a0_0, 0, 8;
    %ix/load 0, 8, 0;
    %assign/v0 v0x11eca00_0, 0, 0;
    %load/v 8, v0x11ebef0_0, 1;
    %ix/load 0, 1, 0;
    %assign/v0 v0x11ebef0_0, 0, 8;
    %load/v 8, v0x11ec980_0, 16;
    %ix/load 0, 16, 0;
    %assign/v0 v0x11ec980_0, 0, 8;
    %load/v 8, v0x11ecb30_0, 16;
    %ix/load 0, 16, 0;
    %assign/v0 v0x11ecb30_0, 0, 8;
    %load/v 8, v0x11ec8e0_0, 16;
    %ix/load 0, 16, 0;
    %assign/v0 v0x11ec8e0_0, 0, 8;
    %load/v 8, v0x11ec300_0, 4;
    %ix/load 0, 4, 0;
    %assign/v0 v0x11ec300_0, 0, 8;
    %ix/load 0, 8, 0;
    %assign/v0 v0x1188ad0_0, 0, 0;
    %ix/load 0, 1, 0;
    %assign/v0 v0x11ebe50_0, 0, 0;
    %ix/load 0, 1, 0;
    %assign/v0 v0x11eca80_0, 0, 0;
    %ix/load 0, 16, 0;
    %assign/v0 v0x11ec200_0, 0, 0;
    %ix/load 0, 1, 0;
    %assign/v0 v0x11ec550_0, 0, 0;
    %load/v 8, v0x11ebd00_0, 7;
    %ix/load 0, 7, 0;
    %assign/v0 v0x11ebd00_0, 0, 8;
    %load/v 8, v0x11ec070_0, 1;
    %jmp/0xz  T_2.38, 8;
    %movi 8, 256, 22;
    %ix/load 0, 22, 0;
    %assign/v0 v0x11ec710_0, 0, 8;
    %jmp T_2.39;
T_2.38 ;
    %movi 8, 512, 22;
    %ix/load 0, 22, 0;
    %assign/v0 v0x11ec710_0, 0, 8;
T_2.39 ;
    %jmp T_2.23;
T_2.8 ;
    %load/v 8, v0x11ec3a0_0, 5;
    %ix/load 0, 5, 0;
    %assign/v0 v0x11ec3a0_0, 0, 8;
    %load/v 8, v0x11eca00_0, 8;
    %ix/load 0, 8, 0;
    %assign/v0 v0x11eca00_0, 0, 8;
    %load/v 8, v0x11ebef0_0, 1;
    %ix/load 0, 1, 0;
    %assign/v0 v0x11ebef0_0, 0, 8;
    %load/v 8, v0x11ec980_0, 16;
    %ix/load 0, 16, 0;
    %assign/v0 v0x11ec980_0, 0, 8;
    %load/v 8, v0x11ecb30_0, 16;
    %ix/load 0, 16, 0;
    %assign/v0 v0x11ecb30_0, 0, 8;
    %load/v 8, v0x11ec8e0_0, 16;
    %ix/load 0, 16, 0;
    %assign/v0 v0x11ec8e0_0, 0, 8;
    %ix/load 0, 1, 0;
    %assign/v0 v0x11ecdc0_0, 0, 1;
    %load/v 8, v0x11ec300_0, 4;
    %ix/load 0, 4, 0;
    %assign/v0 v0x11ec300_0, 0, 8;
    %ix/load 0, 8, 0;
    %assign/v0 v0x1188ad0_0, 0, 0;
    %ix/load 0, 1, 0;
    %assign/v0 v0x11ebe50_0, 0, 0;
    %ix/load 0, 1, 0;
    %assign/v0 v0x11eca80_0, 0, 0;
    %ix/load 0, 16, 0;
    %assign/v0 v0x11ec200_0, 0, 0;
    %ix/load 0, 1, 0;
    %assign/v0 v0x11ec550_0, 0, 0;
    %load/v 8, v0x11ebd00_0, 7;
    %ix/load 0, 7, 0;
    %assign/v0 v0x11ebd00_0, 0, 8;
    %load/v 8, v0x11ec070_0, 1;
    %jmp/0xz  T_2.40, 8;
    %load/v 8, v0x11ec3a0_0, 5;
    %mov 13, 0, 27;
    %subi 8, 1, 32;
    %ix/load 0, 5, 0;
    %assign/v0 v0x11ec3a0_0, 0, 8;
    %movi 8, 1024, 22;
    %ix/load 0, 22, 0;
    %assign/v0 v0x11ec710_0, 0, 8;
    %jmp T_2.41;
T_2.40 ;
    %movi 8, 512, 22;
    %ix/load 0, 22, 0;
    %assign/v0 v0x11ec710_0, 0, 8;
T_2.41 ;
    %jmp T_2.23;
T_2.9 ;
    %load/v 8, v0x11ec3a0_0, 5;
    %ix/load 0, 5, 0;
    %assign/v0 v0x11ec3a0_0, 0, 8;
    %load/v 8, v0x11eca00_0, 8;
    %ix/load 0, 8, 0;
    %assign/v0 v0x11eca00_0, 0, 8;
    %load/v 8, v0x11ec670_0, 1;
    %ix/getv 1, v0x11ec3a0_0;
    %jmp/1 t_1, 4;
    %ix/load 0, 1, 0;
    %assign/v0/x1 v0x11eca00_0, 0, 8;
t_1 ;
    %load/v 8, v0x11ebef0_0, 1;
    %ix/load 0, 1, 0;
    %assign/v0 v0x11ebef0_0, 0, 8;
    %load/v 8, v0x11ec980_0, 16;
    %ix/load 0, 16, 0;
    %assign/v0 v0x11ec980_0, 0, 8;
    %load/v 8, v0x11ecb30_0, 16;
    %ix/load 0, 16, 0;
    %assign/v0 v0x11ecb30_0, 0, 8;
    %load/v 8, v0x11ec8e0_0, 16;
    %ix/load 0, 16, 0;
    %assign/v0 v0x11ec8e0_0, 0, 8;
    %load/v 8, v0x11ec300_0, 4;
    %ix/load 0, 4, 0;
    %assign/v0 v0x11ec300_0, 0, 8;
    %ix/load 0, 8, 0;
    %assign/v0 v0x1188ad0_0, 0, 0;
    %ix/load 0, 1, 0;
    %assign/v0 v0x11ebe50_0, 0, 0;
    %ix/load 0, 1, 0;
    %assign/v0 v0x11eca80_0, 0, 0;
    %ix/load 0, 16, 0;
    %assign/v0 v0x11ec200_0, 0, 0;
    %ix/load 0, 1, 0;
    %assign/v0 v0x11ec550_0, 0, 0;
    %load/v 8, v0x11ebd00_0, 7;
    %ix/load 0, 7, 0;
    %assign/v0 v0x11ebd00_0, 0, 8;
    %ix/load 0, 1, 0;
    %assign/v0 v0x11ec5d0_0, 0, 1;
    %movi 8, 2048, 22;
    %ix/load 0, 22, 0;
    %assign/v0 v0x11ec710_0, 0, 8;
    %jmp T_2.23;
T_2.10 ;
    %load/v 8, v0x11ec3a0_0, 5;
    %ix/load 0, 5, 0;
    %assign/v0 v0x11ec3a0_0, 0, 8;
    %load/v 8, v0x11eca00_0, 8;
    %ix/load 0, 8, 0;
    %assign/v0 v0x11eca00_0, 0, 8;
    %load/v 8, v0x11ebef0_0, 1;
    %ix/load 0, 1, 0;
    %assign/v0 v0x11ebef0_0, 0, 8;
    %load/v 8, v0x11ec980_0, 16;
    %ix/load 0, 16, 0;
    %assign/v0 v0x11ec980_0, 0, 8;
    %load/v 8, v0x11ecb30_0, 16;
    %ix/load 0, 16, 0;
    %assign/v0 v0x11ecb30_0, 0, 8;
    %load/v 8, v0x11ec8e0_0, 16;
    %ix/load 0, 16, 0;
    %assign/v0 v0x11ec8e0_0, 0, 8;
    %ix/load 0, 8, 0;
    %assign/v0 v0x1188ad0_0, 0, 0;
    %ix/load 0, 1, 0;
    %assign/v0 v0x11ebe50_0, 0, 0;
    %ix/load 0, 1, 0;
    %assign/v0 v0x11eca80_0, 0, 0;
    %ix/load 0, 16, 0;
    %assign/v0 v0x11ec200_0, 0, 0;
    %ix/load 0, 1, 0;
    %assign/v0 v0x11ec550_0, 0, 0;
    %load/v 8, v0x11ebd00_0, 7;
    %ix/load 0, 7, 0;
    %assign/v0 v0x11ebd00_0, 0, 8;
    %load/v 8, v0x11ec3a0_0, 5;
    %mov 13, 0, 1;
    %cmpi/u 8, 0, 6;
    %jmp/0xz  T_2.42, 4;
    %load/v 8, v0x11ec300_0, 4;
    %mov 12, 0, 28;
    %addi 8, 1, 32;
    %ix/load 0, 4, 0;
    %assign/v0 v0x11ec300_0, 0, 8;
    %movi 8, 4096, 22;
    %ix/load 0, 22, 0;
    %assign/v0 v0x11ec710_0, 0, 8;
    %jmp T_2.43;
T_2.42 ;
    %load/v 8, v0x11ec300_0, 4;
    %ix/load 0, 4, 0;
    %assign/v0 v0x11ec300_0, 0, 8;
    %load/v 8, v0x11ecc70_0, 32;
   %cmpi/u 8, 124, 32;
    %or 5, 4, 1;
    %jmp/0xz  T_2.44, 5;
    %movi 8, 2048, 22;
    %ix/load 0, 22, 0;
    %assign/v0 v0x11ec710_0, 0, 8;
    %jmp T_2.45;
T_2.44 ;
    %movi 8, 512, 22;
    %ix/load 0, 22, 0;
    %assign/v0 v0x11ec710_0, 0, 8;
T_2.45 ;
T_2.43 ;
    %jmp T_2.23;
T_2.11 ;
    %load/v 8, v0x11ec3a0_0, 5;
    %ix/load 0, 5, 0;
    %assign/v0 v0x11ec3a0_0, 0, 8;
    %load/v 8, v0x11eca00_0, 8;
    %ix/load 0, 8, 0;
    %assign/v0 v0x11eca00_0, 0, 8;
    %load/v 8, v0x11ebef0_0, 1;
    %ix/load 0, 1, 0;
    %assign/v0 v0x11ebef0_0, 0, 8;
    %load/v 8, v0x11ecb30_0, 16;
    %ix/load 0, 16, 0;
    %assign/v0 v0x11ecb30_0, 0, 8;
    %load/v 8, v0x11ec8e0_0, 16;
    %ix/load 0, 16, 0;
    %assign/v0 v0x11ec8e0_0, 0, 8;
    %ix/load 0, 8, 0;
    %assign/v0 v0x1188ad0_0, 0, 0;
    %ix/load 0, 1, 0;
    %assign/v0 v0x11ebe50_0, 0, 0;
    %ix/load 0, 1, 0;
    %assign/v0 v0x11eca80_0, 0, 0;
    %ix/load 0, 16, 0;
    %assign/v0 v0x11ec200_0, 0, 0;
    %ix/load 0, 1, 0;
    %assign/v0 v0x11ec550_0, 0, 0;
    %load/v 8, v0x11ebd00_0, 7;
    %ix/load 0, 7, 0;
    %assign/v0 v0x11ebd00_0, 0, 8;
    %ix/load 0, 1, 0;
    %assign/v0 v0x11ecdc0_0, 0, 0;
    %load/v 8, v0x11ec300_0, 4;
    %mov 12, 0, 1;
    %cmpi/u 8, 2, 5;
    %jmp/0xz  T_2.46, 4;
    %load/v 8, v0x11eca00_0, 8;
    %ix/load 0, 8, 0;
    %ix/load 1, 0, 0;
    %assign/v0/x1 v0x11ec980_0, 0, 8;
    %ix/load 0, 4, 0;
    %assign/v0 v0x11ec300_0, 0, 0;
    %movi 8, 8192, 22;
    %ix/load 0, 22, 0;
    %assign/v0 v0x11ec710_0, 0, 8;
    %jmp T_2.47;
T_2.46 ;
    %load/v 8, v0x11eca00_0, 8;
    %ix/load 0, 8, 0;
    %ix/load 1, 8, 0;
    %assign/v0/x1 v0x11ec980_0, 0, 8;
    %load/v 8, v0x11ec300_0, 4;
    %ix/load 0, 4, 0;
    %assign/v0 v0x11ec300_0, 0, 8;
    %movi 8, 256, 22;
    %ix/load 0, 22, 0;
    %assign/v0 v0x11ec710_0, 0, 8;
T_2.47 ;
    %jmp T_2.23;
T_2.12 ;
    %load/v 8, v0x11ec3a0_0, 5;
    %ix/load 0, 5, 0;
    %assign/v0 v0x11ec3a0_0, 0, 8;
    %load/v 8, v0x11eca00_0, 8;
    %ix/load 0, 8, 0;
    %assign/v0 v0x11eca00_0, 0, 8;
    %load/v 8, v0x11ebef0_0, 1;
    %ix/load 0, 1, 0;
    %assign/v0 v0x11ebef0_0, 0, 8;
    %load/v 8, v0x11ec980_0, 16;
    %ix/load 0, 16, 0;
    %assign/v0 v0x11ec980_0, 0, 8;
    %load/v 8, v0x11ecb30_0, 16;
    %ix/load 0, 16, 0;
    %assign/v0 v0x11ecb30_0, 0, 8;
    %load/v 8, v0x11ec8e0_0, 16;
    %ix/load 0, 16, 0;
    %assign/v0 v0x11ec8e0_0, 0, 8;
    %load/v 8, v0x11ec300_0, 4;
    %ix/load 0, 4, 0;
    %assign/v0 v0x11ec300_0, 0, 8;
    %ix/load 0, 1, 0;
    %assign/v0 v0x11ec550_0, 0, 0;
    %load/v 8, v0x11ebd00_0, 7;
    %ix/load 0, 7, 0;
    %assign/v0 v0x11ebd00_0, 0, 8;
    %load/v 8, v0x11ebef0_0, 1;
    %jmp/0xz  T_2.48, 8;
    %load/v 8, v0x11ec980_0, 16;
    %ix/load 0, 8, 0;
    %assign/v0 v0x1188ad0_0, 0, 8;
    %ix/load 0, 1, 0;
    %assign/v0 v0x11ebe50_0, 0, 1;
    %ix/load 0, 1, 0;
    %assign/v0 v0x11eca80_0, 0, 1;
    %ix/load 0, 16, 0;
    %assign/v0 v0x11ec200_0, 0, 0;
    %movi 8, 16384, 22;
    %ix/load 0, 22, 0;
    %assign/v0 v0x11ec710_0, 0, 8;
    %jmp T_2.49;
T_2.48 ;
    %ix/load 0, 8, 0;
    %assign/v0 v0x1188ad0_0, 0, 0;
    %ix/load 0, 1, 0;
    %assign/v0 v0x11ebe50_0, 0, 0;
    %ix/load 0, 1, 0;
    %assign/v0 v0x11eca80_0, 0, 0;
    %ix/load 0, 16, 0;
    %assign/v0 v0x11ec200_0, 0, 0;
    %movi 8, 262144, 22;
    %ix/load 0, 22, 0;
    %assign/v0 v0x11ec710_0, 0, 8;
T_2.49 ;
    %jmp T_2.23;
T_2.13 ;
    %movi 8, 16, 5;
    %ix/load 0, 5, 0;
    %assign/v0 v0x11ec3a0_0, 0, 8;
    %ix/load 0, 8, 0;
    %assign/v0 v0x11eca00_0, 0, 0;
    %load/v 8, v0x11ebef0_0, 1;
    %ix/load 0, 1, 0;
    %assign/v0 v0x11ebef0_0, 0, 8;
    %load/v 8, v0x11ec980_0, 16;
    %ix/load 0, 16, 0;
    %assign/v0 v0x11ec980_0, 0, 8;
    %load/v 8, v0x11ec8e0_0, 16;
    %ix/load 0, 16, 0;
    %assign/v0 v0x11ec8e0_0, 0, 8;
    %ix/load 0, 4, 0;
    %assign/v0 v0x11ec300_0, 0, 0;
    %load/v 8, v0x1188ad0_0, 8;
    %ix/load 0, 8, 0;
    %assign/v0 v0x1188ad0_0, 0, 8;
    %load/v 8, v0x11ebe50_0, 1;
    %ix/load 0, 1, 0;
    %assign/v0 v0x11ebe50_0, 0, 8;
    %load/v 8, v0x11eca80_0, 1;
    %ix/load 0, 1, 0;
    %assign/v0 v0x11eca80_0, 0, 8;
    %load/v 8, v0x11ec200_0, 16;
    %ix/load 0, 16, 0;
    %assign/v0 v0x11ec200_0, 0, 8;
    %ix/load 0, 1, 0;
    %assign/v0 v0x11ec550_0, 0, 0;
    %load/v 8, v0x11ebd00_0, 7;
    %ix/load 0, 7, 0;
    %assign/v0 v0x11ebd00_0, 0, 8;
    %ix/load 0, 1, 0;
    %assign/v0 v0x11ecdc0_0, 0, 1;
    %load/v 8, v0x11ec070_0, 1;
    %jmp/0xz  T_2.50, 8;
    %load/v 8, v0x11ecb30_0, 16;
    %ix/load 0, 16, 0;
    %assign/v0 v0x11ecb30_0, 0, 8;
    %movi 8, 16384, 22;
    %ix/load 0, 22, 0;
    %assign/v0 v0x11ec710_0, 0, 8;
    %jmp T_2.51;
T_2.50 ;
    %load/v 8, v0x11ebda0_0, 16;
    %ix/load 0, 16, 0;
    %assign/v0 v0x11ecb30_0, 0, 8;
    %movi 8, 32768, 22;
    %ix/load 0, 22, 0;
    %assign/v0 v0x11ec710_0, 0, 8;
T_2.51 ;
    %jmp T_2.23;
T_2.14 ;
    %load/v 8, v0x11ec3a0_0, 5;
    %ix/load 0, 5, 0;
    %assign/v0 v0x11ec3a0_0, 0, 8;
    %load/v 8, v0x11eca00_0, 8;
    %ix/load 0, 8, 0;
    %assign/v0 v0x11eca00_0, 0, 8;
    %load/v 8, v0x11ebef0_0, 1;
    %ix/load 0, 1, 0;
    %assign/v0 v0x11ebef0_0, 0, 8;
    %load/v 8, v0x11ec980_0, 16;
    %ix/load 0, 16, 0;
    %assign/v0 v0x11ec980_0, 0, 8;
    %load/v 8, v0x11ecb30_0, 16;
    %ix/load 0, 16, 0;
    %assign/v0 v0x11ecb30_0, 0, 8;
    %load/v 8, v0x11ec8e0_0, 16;
    %ix/load 0, 16, 0;
    %assign/v0 v0x11ec8e0_0, 0, 8;
    %load/v 8, v0x11ec300_0, 4;
    %ix/load 0, 4, 0;
    %assign/v0 v0x11ec300_0, 0, 8;
    %load/v 8, v0x1188ad0_0, 8;
    %ix/load 0, 8, 0;
    %assign/v0 v0x1188ad0_0, 0, 8;
    %load/v 8, v0x11ebe50_0, 1;
    %ix/load 0, 1, 0;
    %assign/v0 v0x11ebe50_0, 0, 8;
    %load/v 8, v0x11eca80_0, 1;
    %ix/load 0, 1, 0;
    %assign/v0 v0x11eca80_0, 0, 8;
    %load/v 8, v0x11ec200_0, 16;
    %ix/load 0, 16, 0;
    %assign/v0 v0x11ec200_0, 0, 8;
    %ix/load 0, 1, 0;
    %assign/v0 v0x11ec550_0, 0, 0;
    %load/v 8, v0x11ebd00_0, 7;
    %ix/load 0, 7, 0;
    %assign/v0 v0x11ebd00_0, 0, 8;
    %load/v 8, v0x11ec070_0, 1;
    %jmp/0xz  T_2.52, 8;
    %load/v 8, v0x11ec3a0_0, 5;
    %mov 13, 0, 27;
    %subi 8, 1, 32;
    %ix/load 0, 5, 0;
    %assign/v0 v0x11ec3a0_0, 0, 8;
    %movi 8, 65536, 22;
    %ix/load 0, 22, 0;
    %assign/v0 v0x11ec710_0, 0, 8;
    %jmp T_2.53;
T_2.52 ;
    %movi 8, 32768, 22;
    %ix/load 0, 22, 0;
    %assign/v0 v0x11ec710_0, 0, 8;
T_2.53 ;
    %jmp T_2.23;
T_2.15 ;
    %load/v 8, v0x11ec3a0_0, 5;
    %ix/load 0, 5, 0;
    %assign/v0 v0x11ec3a0_0, 0, 8;
    %load/v 8, v0x11eca00_0, 8;
    %ix/load 0, 8, 0;
    %assign/v0 v0x11eca00_0, 0, 8;
    %load/v 8, v0x11ebef0_0, 1;
    %ix/load 0, 1, 0;
    %assign/v0 v0x11ebef0_0, 0, 8;
    %load/v 8, v0x11ec980_0, 16;
    %ix/load 0, 16, 0;
    %assign/v0 v0x11ec980_0, 0, 8;
    %load/v 8, v0x11ecb30_0, 16;
    %ix/load 0, 16, 0;
    %assign/v0 v0x11ecb30_0, 0, 8;
    %load/v 8, v0x11ec8e0_0, 16;
    %ix/load 0, 16, 0;
    %assign/v0 v0x11ec8e0_0, 0, 8;
    %load/v 8, v0x11ec300_0, 4;
    %ix/load 0, 4, 0;
    %assign/v0 v0x11ec300_0, 0, 8;
    %load/v 8, v0x1188ad0_0, 8;
    %ix/load 0, 8, 0;
    %assign/v0 v0x1188ad0_0, 0, 8;
    %load/v 8, v0x11ebe50_0, 1;
    %ix/load 0, 1, 0;
    %assign/v0 v0x11ebe50_0, 0, 8;
    %load/v 8, v0x11eca80_0, 1;
    %ix/load 0, 1, 0;
    %assign/v0 v0x11eca80_0, 0, 8;
    %load/v 8, v0x11ec200_0, 16;
    %ix/load 0, 16, 0;
    %assign/v0 v0x11ec200_0, 0, 8;
    %ix/load 0, 1, 0;
    %assign/v0 v0x11ec550_0, 0, 0;
    %load/v 8, v0x11ebd00_0, 7;
    %ix/load 0, 7, 0;
    %assign/v0 v0x11ebd00_0, 0, 8;
    %ix/getv 1, v0x11ec3a0_0;
    %jmp/1 T_2.54, 4;
    %load/x1p 8, v0x11ecb30_0, 1;
    %jmp T_2.55;
T_2.54 ;
    %mov 8, 2, 1;
T_2.55 ;
; Save base=8 wid=1 in lookaside.
    %ix/load 0, 1, 0;
    %assign/v0 v0x11ecdc0_0, 0, 8;
    %ix/load 0, 1, 0;
    %assign/v0 v0x11ec5d0_0, 0, 1;
    %movi 8, 131072, 22;
    %ix/load 0, 22, 0;
    %assign/v0 v0x11ec710_0, 0, 8;
    %jmp T_2.23;
T_2.16 ;
    %load/v 8, v0x11ec3a0_0, 5;
    %ix/load 0, 5, 0;
    %assign/v0 v0x11ec3a0_0, 0, 8;
    %load/v 8, v0x11eca00_0, 8;
    %ix/load 0, 8, 0;
    %assign/v0 v0x11eca00_0, 0, 8;
    %load/v 8, v0x11ebef0_0, 1;
    %ix/load 0, 1, 0;
    %assign/v0 v0x11ebef0_0, 0, 8;
    %load/v 8, v0x11ec980_0, 16;
    %ix/load 0, 16, 0;
    %assign/v0 v0x11ec980_0, 0, 8;
    %load/v 8, v0x11ecb30_0, 16;
    %ix/load 0, 16, 0;
    %assign/v0 v0x11ecb30_0, 0, 8;
    %load/v 8, v0x11ec8e0_0, 16;
    %ix/load 0, 16, 0;
    %assign/v0 v0x11ec8e0_0, 0, 8;
    %load/v 8, v0x1188ad0_0, 8;
    %ix/load 0, 8, 0;
    %assign/v0 v0x1188ad0_0, 0, 8;
    %load/v 8, v0x11ebe50_0, 1;
    %ix/load 0, 1, 0;
    %assign/v0 v0x11ebe50_0, 0, 8;
    %load/v 8, v0x11eca80_0, 1;
    %ix/load 0, 1, 0;
    %assign/v0 v0x11eca80_0, 0, 8;
    %load/v 8, v0x11ec200_0, 16;
    %ix/load 0, 16, 0;
    %assign/v0 v0x11ec200_0, 0, 8;
    %load/v 8, v0x11ebd00_0, 7;
    %ix/load 0, 7, 0;
    %assign/v0 v0x11ebd00_0, 0, 8;
    %load/v 8, v0x11ec3a0_0, 5;
    %mov 13, 0, 1;
    %cmpi/u 8, 0, 6;
    %jmp/0xz  T_2.56, 4;
    %load/v 8, v0x11ec300_0, 4;
    %mov 12, 0, 28;
    %addi 8, 1, 32;
    %ix/load 0, 4, 0;
    %assign/v0 v0x11ec300_0, 0, 8;
    %ix/load 0, 1, 0;
    %assign/v0 v0x11ec5d0_0, 0, 1;
    %ix/load 0, 1, 0;
    %assign/v0 v0x11ec550_0, 0, 1;
    %movi 8, 4194304, 24;
    %ix/load 0, 22, 0;
    %assign/v0 v0x11ec710_0, 0, 8;
    %jmp T_2.57;
T_2.56 ;
    %load/v 8, v0x11ecc70_0, 32;
   %cmpi/u 8, 124, 32;
    %or 5, 4, 1;
    %jmp/0xz  T_2.58, 5;
    %ix/load 0, 1, 0;
    %assign/v0 v0x11ec550_0, 0, 0;
    %movi 8, 131072, 22;
    %ix/load 0, 22, 0;
    %assign/v0 v0x11ec710_0, 0, 8;
    %jmp T_2.59;
T_2.58 ;
    %ix/load 0, 1, 0;
    %assign/v0 v0x11ec550_0, 0, 0;
    %movi 8, 32768, 22;
    %ix/load 0, 22, 0;
    %assign/v0 v0x11ec710_0, 0, 8;
T_2.59 ;
T_2.57 ;
    %jmp T_2.23;
T_2.17 ;
    %movi 8, 16, 5;
    %ix/load 0, 5, 0;
    %assign/v0 v0x11ec3a0_0, 0, 8;
    %ix/load 0, 8, 0;
    %assign/v0 v0x11eca00_0, 0, 0;
    %load/v 8, v0x11ebef0_0, 1;
    %ix/load 0, 1, 0;
    %assign/v0 v0x11ebef0_0, 0, 8;
    %load/v 8, v0x11ec980_0, 16;
    %ix/load 0, 16, 0;
    %assign/v0 v0x11ec980_0, 0, 8;
    %load/v 8, v0x11ecb30_0, 16;
    %ix/load 0, 16, 0;
    %assign/v0 v0x11ecb30_0, 0, 8;
    %load/v 8, v0x11ec8e0_0, 16;
    %ix/load 0, 16, 0;
    %assign/v0 v0x11ec8e0_0, 0, 8;
    %load/v 8, v0x11ec300_0, 4;
    %ix/load 0, 4, 0;
    %assign/v0 v0x11ec300_0, 0, 8;
    %ix/load 0, 8, 0;
    %assign/v0 v0x1188ad0_0, 0, 0;
    %ix/load 0, 1, 0;
    %assign/v0 v0x11ebe50_0, 0, 0;
    %ix/load 0, 1, 0;
    %assign/v0 v0x11eca80_0, 0, 0;
    %ix/load 0, 16, 0;
    %assign/v0 v0x11ec200_0, 0, 0;
    %ix/load 0, 1, 0;
    %assign/v0 v0x11ec550_0, 0, 0;
    %load/v 8, v0x11ebd00_0, 7;
    %ix/load 0, 7, 0;
    %assign/v0 v0x11ebd00_0, 0, 8;
    %ix/load 0, 1, 0;
    %assign/v0 v0x11ecdc0_0, 0, 1;
    %load/v 8, v0x11ec070_0, 1;
    %jmp/0xz  T_2.60, 8;
    %movi 8, 262144, 22;
    %ix/load 0, 22, 0;
    %assign/v0 v0x11ec710_0, 0, 8;
    %jmp T_2.61;
T_2.60 ;
    %movi 8, 524288, 22;
    %ix/load 0, 22, 0;
    %assign/v0 v0x11ec710_0, 0, 8;
T_2.61 ;
    %jmp T_2.23;
T_2.18 ;
    %load/v 8, v0x11ec3a0_0, 5;
    %ix/load 0, 5, 0;
    %assign/v0 v0x11ec3a0_0, 0, 8;
    %load/v 8, v0x11eca00_0, 8;
    %ix/load 0, 8, 0;
    %assign/v0 v0x11eca00_0, 0, 8;
    %load/v 8, v0x11ebef0_0, 1;
    %ix/load 0, 1, 0;
    %assign/v0 v0x11ebef0_0, 0, 8;
    %load/v 8, v0x11ec980_0, 16;
    %ix/load 0, 16, 0;
    %assign/v0 v0x11ec980_0, 0, 8;
    %load/v 8, v0x11ecb30_0, 16;
    %ix/load 0, 16, 0;
    %assign/v0 v0x11ecb30_0, 0, 8;
    %load/v 8, v0x11ec8e0_0, 16;
    %ix/load 0, 16, 0;
    %assign/v0 v0x11ec8e0_0, 0, 8;
    %load/v 8, v0x11ec300_0, 4;
    %ix/load 0, 4, 0;
    %assign/v0 v0x11ec300_0, 0, 8;
    %load/v 8, v0x11ebd00_0, 7;
    %ix/load 0, 7, 0;
    %assign/v0 v0x11ebd00_0, 0, 8;
    %ix/load 0, 8, 0;
    %assign/v0 v0x1188ad0_0, 0, 0;
    %ix/load 0, 1, 0;
    %assign/v0 v0x11ebe50_0, 0, 0;
    %ix/load 0, 1, 0;
    %assign/v0 v0x11eca80_0, 0, 0;
    %ix/load 0, 16, 0;
    %assign/v0 v0x11ec200_0, 0, 0;
    %ix/load 0, 1, 0;
    %assign/v0 v0x11ec550_0, 0, 0;
    %load/v 8, v0x11ec070_0, 1;
    %jmp/0xz  T_2.62, 8;
    %load/v 8, v0x11ec3a0_0, 5;
    %mov 13, 0, 27;
    %subi 8, 1, 32;
    %ix/load 0, 5, 0;
    %assign/v0 v0x11ec3a0_0, 0, 8;
    %movi 8, 1048576, 22;
    %ix/load 0, 22, 0;
    %assign/v0 v0x11ec710_0, 0, 8;
    %jmp T_2.63;
T_2.62 ;
    %movi 8, 524288, 22;
    %ix/load 0, 22, 0;
    %assign/v0 v0x11ec710_0, 0, 8;
T_2.63 ;
    %jmp T_2.23;
T_2.19 ;
    %load/v 8, v0x11ec3a0_0, 5;
    %ix/load 0, 5, 0;
    %assign/v0 v0x11ec3a0_0, 0, 8;
    %load/v 8, v0x11eca00_0, 8;
    %ix/load 0, 8, 0;
    %assign/v0 v0x11eca00_0, 0, 8;
    %load/v 8, v0x11ec670_0, 1;
    %ix/getv 1, v0x11ec3a0_0;
    %jmp/1 t_2, 4;
    %ix/load 0, 1, 0;
    %assign/v0/x1 v0x11eca00_0, 0, 8;
t_2 ;
    %load/v 8, v0x11ebef0_0, 1;
    %ix/load 0, 1, 0;
    %assign/v0 v0x11ebef0_0, 0, 8;
    %load/v 8, v0x11ec980_0, 16;
    %ix/load 0, 16, 0;
    %assign/v0 v0x11ec980_0, 0, 8;
    %load/v 8, v0x11ecb30_0, 16;
    %ix/load 0, 16, 0;
    %assign/v0 v0x11ecb30_0, 0, 8;
    %load/v 8, v0x11ec8e0_0, 16;
    %ix/load 0, 16, 0;
    %assign/v0 v0x11ec8e0_0, 0, 8;
    %load/v 8, v0x11ec300_0, 4;
    %ix/load 0, 4, 0;
    %assign/v0 v0x11ec300_0, 0, 8;
    %ix/load 0, 8, 0;
    %assign/v0 v0x1188ad0_0, 0, 0;
    %ix/load 0, 1, 0;
    %assign/v0 v0x11ebe50_0, 0, 0;
    %ix/load 0, 1, 0;
    %assign/v0 v0x11eca80_0, 0, 0;
    %ix/load 0, 16, 0;
    %assign/v0 v0x11ec200_0, 0, 0;
    %ix/load 0, 1, 0;
    %assign/v0 v0x11ec550_0, 0, 0;
    %load/v 8, v0x11ebd00_0, 7;
    %ix/load 0, 7, 0;
    %assign/v0 v0x11ebd00_0, 0, 8;
    %ix/load 0, 1, 0;
    %assign/v0 v0x11ec5d0_0, 0, 1;
    %movi 8, 2097152, 23;
    %ix/load 0, 22, 0;
    %assign/v0 v0x11ec710_0, 0, 8;
    %jmp T_2.23;
T_2.20 ;
    %load/v 8, v0x11ec3a0_0, 5;
    %ix/load 0, 5, 0;
    %assign/v0 v0x11ec3a0_0, 0, 8;
    %load/v 8, v0x11eca00_0, 8;
    %ix/load 0, 8, 0;
    %assign/v0 v0x11eca00_0, 0, 8;
    %load/v 8, v0x11ebef0_0, 1;
    %ix/load 0, 1, 0;
    %assign/v0 v0x11ebef0_0, 0, 8;
    %load/v 8, v0x11ec980_0, 16;
    %ix/load 0, 16, 0;
    %assign/v0 v0x11ec980_0, 0, 8;
    %load/v 8, v0x11ecb30_0, 16;
    %ix/load 0, 16, 0;
    %assign/v0 v0x11ecb30_0, 0, 8;
    %load/v 8, v0x11ec8e0_0, 16;
    %ix/load 0, 16, 0;
    %assign/v0 v0x11ec8e0_0, 0, 8;
    %load/v 8, v0x11ec300_0, 4;
    %ix/load 0, 4, 0;
    %assign/v0 v0x11ec300_0, 0, 8;
    %load/v 8, v0x11ebd00_0, 7;
    %ix/load 0, 7, 0;
    %assign/v0 v0x11ebd00_0, 0, 8;
    %load/v 8, v0x11ec3a0_0, 5;
    %mov 13, 0, 1;
    %cmpi/u 8, 0, 6;
    %jmp/0xz  T_2.64, 4;
    %load/v 8, v0x11ec300_0, 4;
    %mov 12, 0, 28;
    %addi 8, 1, 32;
    %ix/load 0, 4, 0;
    %assign/v0 v0x11ec300_0, 0, 8;
    %load/v 8, v0x11ec300_0, 4;
    %mov 12, 0, 1;
    %cmpi/u 8, 1, 5;
    %jmp/0xz  T_2.66, 4;
    %ix/load 0, 8, 0;
    %assign/v0 v0x1188ad0_0, 0, 0;
    %ix/load 0, 1, 0;
    %assign/v0 v0x11ebe50_0, 0, 0;
    %ix/load 0, 1, 0;
    %assign/v0 v0x11eca80_0, 0, 0;
    %ix/load 0, 16, 0;
    %assign/v0 v0x11ec200_0, 0, 0;
    %ix/load 0, 1, 0;
    %assign/v0 v0x11ec550_0, 0, 0;
    %load/v 8, v0x11eca00_0, 8;
    %ix/load 0, 8, 0;
    %ix/load 1, 8, 0;
    %assign/v0/x1 v0x11ec8e0_0, 0, 8;
    %movi 8, 262144, 22;
    %ix/load 0, 22, 0;
    %assign/v0 v0x11ec710_0, 0, 8;
    %jmp T_2.67;
T_2.66 ;
    %load/v 8, v0x11eca00_0, 8;
    %ix/load 0, 8, 0;
    %ix/load 1, 0, 0;
    %assign/v0/x1 v0x11ec8e0_0, 0, 8;
    %load/v 8, v0x11ec980_0, 8; Only need 8 of 16 bits
; Save base=8 wid=8 in lookaside.
    %ix/load 0, 8, 0;
    %assign/v0 v0x1188ad0_0, 0, 8;
    %ix/load 0, 1, 0;
    %assign/v0 v0x11ebe50_0, 0, 0;
    %ix/load 0, 1, 0;
    %assign/v0 v0x11eca80_0, 0, 1;
    %load/v 8, v0x11ec200_0, 16;
    %ix/load 0, 16, 0;
    %assign/v0 v0x11ec200_0, 0, 8;
    %ix/load 0, 1, 0;
    %assign/v0 v0x11ec550_0, 0, 0;
    %movi 8, 4194304, 24;
    %ix/load 0, 22, 0;
    %assign/v0 v0x11ec710_0, 0, 8;
T_2.67 ;
    %jmp T_2.65;
T_2.64 ;
    %load/v 8, v0x11ecc70_0, 32;
   %cmpi/u 8, 124, 32;
    %or 5, 4, 1;
    %jmp/0xz  T_2.68, 5;
    %ix/load 0, 8, 0;
    %assign/v0 v0x1188ad0_0, 0, 0;
    %ix/load 0, 1, 0;
    %assign/v0 v0x11ebe50_0, 0, 0;
    %ix/load 0, 1, 0;
    %assign/v0 v0x11eca80_0, 0, 0;
    %ix/load 0, 16, 0;
    %assign/v0 v0x11ec200_0, 0, 0;
    %ix/load 0, 1, 0;
    %assign/v0 v0x11ec550_0, 0, 0;
    %movi 8, 2097152, 23;
    %ix/load 0, 22, 0;
    %assign/v0 v0x11ec710_0, 0, 8;
    %jmp T_2.69;
T_2.68 ;
    %ix/load 0, 8, 0;
    %assign/v0 v0x1188ad0_0, 0, 0;
    %ix/load 0, 1, 0;
    %assign/v0 v0x11ebe50_0, 0, 0;
    %ix/load 0, 1, 0;
    %assign/v0 v0x11eca80_0, 0, 0;
    %ix/load 0, 16, 0;
    %assign/v0 v0x11ec200_0, 0, 0;
    %ix/load 0, 1, 0;
    %assign/v0 v0x11ec550_0, 0, 0;
    %movi 8, 524288, 22;
    %ix/load 0, 22, 0;
    %assign/v0 v0x11ec710_0, 0, 8;
T_2.69 ;
T_2.65 ;
    %jmp T_2.23;
T_2.21 ;
    %load/v 8, v0x11ec3a0_0, 5;
    %ix/load 0, 5, 0;
    %assign/v0 v0x11ec3a0_0, 0, 8;
    %load/v 8, v0x11eca00_0, 8;
    %ix/load 0, 8, 0;
    %assign/v0 v0x11eca00_0, 0, 8;
    %load/v 8, v0x11ebef0_0, 1;
    %ix/load 0, 1, 0;
    %assign/v0 v0x11ebef0_0, 0, 8;
    %load/v 8, v0x11ec980_0, 16;
    %ix/load 0, 16, 0;
    %assign/v0 v0x11ec980_0, 0, 8;
    %load/v 8, v0x11ecb30_0, 16;
    %ix/load 0, 16, 0;
    %assign/v0 v0x11ecb30_0, 0, 8;
    %load/v 8, v0x11ec8e0_0, 16;
    %ix/load 0, 16, 0;
    %assign/v0 v0x11ec8e0_0, 0, 8;
    %ix/load 0, 4, 0;
    %assign/v0 v0x11ec300_0, 0, 0;
    %load/v 8, v0x11ebd00_0, 7;
    %ix/load 0, 7, 0;
    %assign/v0 v0x11ebd00_0, 0, 8;
    %load/v 8, v0x1188ad0_0, 8;
    %ix/load 0, 8, 0;
    %assign/v0 v0x1188ad0_0, 0, 8;
    %load/v 8, v0x11ebe50_0, 1;
    %ix/load 0, 1, 0;
    %assign/v0 v0x11ebe50_0, 0, 8;
    %load/v 8, v0x11eca80_0, 1;
    %ix/load 0, 1, 0;
    %assign/v0 v0x11eca80_0, 0, 8;
    %load/v 8, v0x11ec200_0, 16;
    %ix/load 0, 16, 0;
    %assign/v0 v0x11ec200_0, 0, 8;
    %load/v 8, v0x11ec550_0, 1;
    %ix/load 0, 1, 0;
    %assign/v0 v0x11ec550_0, 0, 8;
    %load/v 8, v0x11ec8e0_0, 16;
    %ix/load 0, 16, 0;
    %assign/v0 v0x11ec200_0, 0, 8;
    %load/v 8, v0x11ecc70_0, 32;
    %cmpi/u 8, 124, 32;
    %jmp/0xz  T_2.70, 4;
    %ix/load 0, 1, 0;
    %assign/v0 v0x11ec5d0_0, 0, 1;
    %movi 8, 1, 22;
    %ix/load 0, 22, 0;
    %assign/v0 v0x11ec710_0, 0, 8;
    %jmp T_2.71;
T_2.70 ;
    %movi 8, 4194304, 24;
    %ix/load 0, 22, 0;
    %assign/v0 v0x11ec710_0, 0, 8;
T_2.71 ;
    %jmp T_2.23;
T_2.23 ;
    %jmp T_2;
    .thread T_2;
# The file index is used to find the file name in the following table.
:file_names 3;
    "N/A";
    "<interactive>";
    "I2C_Module.v";
